<?xml version="1.0" encoding="UTF-8" ?>
<testsuites name="vitest tests" tests="365" failures="0" errors="0" time="12.36623058">
    <testsuite name="client/__tests__/CompactGameCard.test.tsx" timestamp="2026-04-15T11:40:51.189Z" hostname="devbox" tests="7" failures="0" errors="0" skipped="0" time="0.622170468">
        <testcase classname="client/__tests__/CompactGameCard.test.tsx" name="CompactGameCard &gt; renders game title and metadata correctly" time="0.094214281">
        </testcase>
        <testcase classname="client/__tests__/CompactGameCard.test.tsx" name="CompactGameCard &gt; renders &apos;No genres&apos; when genres is empty or undefined" time="0.018673755">
        </testcase>
        <testcase classname="client/__tests__/CompactGameCard.test.tsx" name="CompactGameCard &gt; calls onStatusChange when status button is clicked" time="0.026472353">
        </testcase>
        <testcase classname="client/__tests__/CompactGameCard.test.tsx" name="CompactGameCard &gt; calls onViewDetails when info button is clicked" time="0.429239081">
        </testcase>
        <testcase classname="client/__tests__/CompactGameCard.test.tsx" name="CompactGameCard &gt; dynamic aria-labels for status button &gt; shows aria-label &apos;Mark undefined as &apos;Owned&apos;&apos; when status is &apos;wanted&apos;" time="0.016794228">
        </testcase>
        <testcase classname="client/__tests__/CompactGameCard.test.tsx" name="CompactGameCard &gt; dynamic aria-labels for status button &gt; shows aria-label &apos;Mark undefined as &apos;Completed&apos;&apos; when status is &apos;owned&apos;" time="0.015888638">
        </testcase>
        <testcase classname="client/__tests__/CompactGameCard.test.tsx" name="CompactGameCard &gt; dynamic aria-labels for status button &gt; shows aria-label &apos;Mark undefined as &apos;Wanted&apos;&apos; when status is &apos;completed&apos;" time="0.015811592">
        </testcase>
    </testsuite>
    <testsuite name="client/__tests__/DashboardConfig.test.tsx" timestamp="2026-04-15T11:40:51.194Z" hostname="devbox" tests="2" failures="0" errors="0" skipped="0" time="0.59878186">
        <testcase classname="client/__tests__/DashboardConfig.test.tsx" name="Dashboard Configuration &gt; should persist grid column preference to local storage" time="0.566843041">
        </testcase>
        <testcase classname="client/__tests__/DashboardConfig.test.tsx" name="Dashboard Configuration &gt; should load grid column preference from local storage on mount" time="0.026961999">
        </testcase>
    </testsuite>
    <testsuite name="client/__tests__/GameDetailsModal.test.tsx" timestamp="2026-04-15T11:40:51.195Z" hostname="devbox" tests="6" failures="0" errors="0" skipped="0" time="1.58459285">
        <testcase classname="client/__tests__/GameDetailsModal.test.tsx" name="GameDetailsModal &gt; renders game details correctly" time="0.682190395">
        </testcase>
        <testcase classname="client/__tests__/GameDetailsModal.test.tsx" name="GameDetailsModal &gt; renders genres and platforms" time="0.143765082">
        </testcase>
        <testcase classname="client/__tests__/GameDetailsModal.test.tsx" name="GameDetailsModal &gt; renders screenshots" time="0.211985671">
        </testcase>
        <testcase classname="client/__tests__/GameDetailsModal.test.tsx" name="GameDetailsModal &gt; opens download dialog when download button is clicked" time="0.176013418">
        </testcase>
        <testcase classname="client/__tests__/GameDetailsModal.test.tsx" name="GameDetailsModal &gt; handles remove game action" time="0.18427526">
        </testcase>
        <testcase classname="client/__tests__/GameDetailsModal.test.tsx" name="GameDetailsModal &gt; truncates long summary and expands it" time="0.179161642">
        </testcase>
    </testsuite>
    <testsuite name="client/__tests__/GameDownloadDialog.test.tsx" timestamp="2026-04-15T11:40:51.199Z" hostname="devbox" tests="5" failures="0" errors="0" skipped="0" time="2.722764891">
        <testcase classname="client/__tests__/GameDownloadDialog.test.tsx" name="GameDownloadDialog &gt; renders search results correctly" time="0.84718132">
        </testcase>
        <testcase classname="client/__tests__/GameDownloadDialog.test.tsx" name="GameDownloadDialog &gt; identifies Usenet vs Torrent items" time="0.295984565">
        </testcase>
        <testcase classname="client/__tests__/GameDownloadDialog.test.tsx" name="GameDownloadDialog &gt; filters search results by indexer" time="0.678075239">
        </testcase>
        <testcase classname="client/__tests__/GameDownloadDialog.test.tsx" name="GameDownloadDialog &gt; sorts results" time="0.388804986">
        </testcase>
        <testcase classname="client/__tests__/GameDownloadDialog.test.tsx" name="GameDownloadDialog &gt; shows a loading spinner on the download button when clicked" time="0.505622757">
        </testcase>
    </testsuite>
    <testsuite name="client/__tests__/SearchBar.test.tsx" timestamp="2026-04-15T11:40:51.202Z" hostname="devbox" tests="1" failures="0" errors="0" skipped="0" time="0.126600175">
        <testcase classname="client/__tests__/SearchBar.test.tsx" name="SearchBar &gt; should have accessible icon buttons with aria-labels" time="0.116419286">
        </testcase>
    </testsuite>
    <testsuite name="client/__tests__/downloads-utils.test.ts" timestamp="2026-04-15T11:40:51.203Z" hostname="devbox" tests="86" failures="0" errors="0" skipped="0" time="0.034232739">
        <testcase classname="client/__tests__/downloads-utils.test.ts" name="formatBytes &gt; should return &quot;0 B&quot; for 0 bytes" time="0.003057665">
        </testcase>
        <testcase classname="client/__tests__/downloads-utils.test.ts" name="formatBytes &gt; should format bytes correctly" time="0.000298583">
        </testcase>
        <testcase classname="client/__tests__/downloads-utils.test.ts" name="formatBytes &gt; should format kilobytes correctly" time="0.000222972">
        </testcase>
        <testcase classname="client/__tests__/downloads-utils.test.ts" name="formatBytes &gt; should format megabytes correctly" time="0.000260209">
        </testcase>
        <testcase classname="client/__tests__/downloads-utils.test.ts" name="formatBytes &gt; should format gigabytes correctly" time="0.000225481">
        </testcase>
        <testcase classname="client/__tests__/downloads-utils.test.ts" name="formatBytes &gt; should format terabytes correctly" time="0.000174006">
        </testcase>
        <testcase classname="client/__tests__/downloads-utils.test.ts" name="formatSpeed &gt; should format speed as bytes per second with /s suffix" time="0.000382293">
        </testcase>
        <testcase classname="client/__tests__/downloads-utils.test.ts" name="formatETA &gt; should return &quot;∞&quot; for 0 or negative seconds" time="0.000332611">
        </testcase>
        <testcase classname="client/__tests__/downloads-utils.test.ts" name="formatETA &gt; should format minutes correctly" time="0.000455275">
        </testcase>
        <testcase classname="client/__tests__/downloads-utils.test.ts" name="formatETA &gt; should format hours and minutes correctly" time="0.000289242">
        </testcase>
        <testcase classname="client/__tests__/downloads-utils.test.ts" name="getStatusColor &gt; should return correct color for downloading status" time="0.000409786">
        </testcase>
        <testcase classname="client/__tests__/downloads-utils.test.ts" name="getStatusColor &gt; should return correct color for seeding status" time="0.000244966">
        </testcase>
        <testcase classname="client/__tests__/downloads-utils.test.ts" name="getStatusColor &gt; should return correct color for completed status" time="0.000171836">
        </testcase>
        <testcase classname="client/__tests__/downloads-utils.test.ts" name="getStatusColor &gt; should return correct color for paused status" time="0.000161825">
        </testcase>
        <testcase classname="client/__tests__/downloads-utils.test.ts" name="getStatusColor &gt; should return correct color for error status" time="0.000142223">
        </testcase>
        <testcase classname="client/__tests__/downloads-utils.test.ts" name="getStatusColor &gt; should return gray for unknown status" time="0.000150863">
        </testcase>
        <testcase classname="client/__tests__/downloads-utils.test.ts" name="getStatusBadgeVariant &gt; should return &quot;default&quot; for downloading status" time="0.000245405">
        </testcase>
        <testcase classname="client/__tests__/downloads-utils.test.ts" name="getStatusBadgeVariant &gt; should return &quot;default&quot; for seeding status" time="0.000163722">
        </testcase>
        <testcase classname="client/__tests__/downloads-utils.test.ts" name="getStatusBadgeVariant &gt; should return &quot;outline&quot; for completed status" time="0.000170823">
        </testcase>
        <testcase classname="client/__tests__/downloads-utils.test.ts" name="getStatusBadgeVariant &gt; should return &quot;secondary&quot; for paused status" time="0.000145731">
        </testcase>
        <testcase classname="client/__tests__/downloads-utils.test.ts" name="getStatusBadgeVariant &gt; should return &quot;destructive&quot; for error status" time="0.000137271">
        </testcase>
        <testcase classname="client/__tests__/downloads-utils.test.ts" name="getStatusBadgeVariant &gt; should return &quot;outline&quot; for unknown status" time="0.000133847">
        </testcase>
        <testcase classname="client/__tests__/downloads-utils.test.ts" name="filterDownloadsByStatus &gt; should return all downloads when filter is &quot;all&quot;" time="0.002387301">
        </testcase>
        <testcase classname="client/__tests__/downloads-utils.test.ts" name="filterDownloadsByStatus &gt; should filter downloads by &quot;downloading&quot; status" time="0.000399351">
        </testcase>
        <testcase classname="client/__tests__/downloads-utils.test.ts" name="filterDownloadsByStatus &gt; should filter downloads by &quot;seeding&quot; status" time="0.000377253">
        </testcase>
        <testcase classname="client/__tests__/downloads-utils.test.ts" name="filterDownloadsByStatus &gt; should filter downloads by &quot;completed&quot; status" time="0.000350512">
        </testcase>
        <testcase classname="client/__tests__/downloads-utils.test.ts" name="filterDownloadsByStatus &gt; should filter downloads by &quot;paused&quot; status" time="0.000319286">
        </testcase>
        <testcase classname="client/__tests__/downloads-utils.test.ts" name="filterDownloadsByStatus &gt; should filter downloads by &quot;error&quot; status" time="0.000378041">
        </testcase>
        <testcase classname="client/__tests__/downloads-utils.test.ts" name="filterDownloadsByStatus &gt; should return empty array when no downloads match the filter" time="0.000297972">
        </testcase>
        <testcase classname="client/__tests__/downloads-utils.test.ts" name="filterDownloadsByStatus &gt; should handle empty downloads array" time="0.000252149">
        </testcase>
        <testcase classname="client/__tests__/downloads-utils.test.ts" name="shouldShowSpeedBadge &gt; should return true when speed is defined and greater than 0" time="0.000323458">
        </testcase>
        <testcase classname="client/__tests__/downloads-utils.test.ts" name="shouldShowSpeedBadge &gt; should return false when speed is 0" time="0.000184591">
        </testcase>
        <testcase classname="client/__tests__/downloads-utils.test.ts" name="shouldShowSpeedBadge &gt; should return false when speed is undefined" time="0.000151063">
        </testcase>
        <testcase classname="client/__tests__/downloads-utils.test.ts" name="shouldShowSpeedBadge &gt; should return false when speed is negative" time="0.000234594">
        </testcase>
        <testcase classname="client/__tests__/downloads-utils.test.ts" name="shouldShowETABadge &gt; should return true when ETA is defined and greater than 0" time="0.000353252">
        </testcase>
        <testcase classname="client/__tests__/downloads-utils.test.ts" name="shouldShowETABadge &gt; should return false when ETA is 0" time="0.000265242">
        </testcase>
        <testcase classname="client/__tests__/downloads-utils.test.ts" name="shouldShowETABadge &gt; should return false when ETA is undefined" time="0.000303971">
        </testcase>
        <testcase classname="client/__tests__/downloads-utils.test.ts" name="shouldShowETABadge &gt; should return false when ETA is negative (infinity case)" time="0.000187709">
        </testcase>
        <testcase classname="client/__tests__/downloads-utils.test.ts" name="shouldShowRatioBadge &gt; should return true when ratio is defined and &gt;= 0" time="0.00036463">
        </testcase>
        <testcase classname="client/__tests__/downloads-utils.test.ts" name="shouldShowRatioBadge &gt; should return false when ratio is undefined" time="0.000163496">
        </testcase>
        <testcase classname="client/__tests__/downloads-utils.test.ts" name="shouldShowRatioBadge &gt; should return false when ratio is negative" time="0.000179919">
        </testcase>
        <testcase classname="client/__tests__/downloads-utils.test.ts" name="shouldShowSizeBadge &gt; should return true when size is defined and greater than 0" time="0.000363136">
        </testcase>
        <testcase classname="client/__tests__/downloads-utils.test.ts" name="shouldShowSizeBadge &gt; should return false when size is 0" time="0.000180396">
        </testcase>
        <testcase classname="client/__tests__/downloads-utils.test.ts" name="shouldShowSizeBadge &gt; should return false when size is undefined" time="0.000153843">
        </testcase>
        <testcase classname="client/__tests__/downloads-utils.test.ts" name="shouldShowSizeBadge &gt; should return false when size is negative" time="0.000168226">
        </testcase>
        <testcase classname="client/__tests__/downloads-utils.test.ts" name="shouldShowPeersBadge &gt; should return true when seeders is defined (even if 0)" time="0.000319993">
        </testcase>
        <testcase classname="client/__tests__/downloads-utils.test.ts" name="shouldShowPeersBadge &gt; should return false when seeders is undefined" time="0.000160862">
        </testcase>
        <testcase classname="client/__tests__/downloads-utils.test.ts" name="Badge visibility edge cases &gt; should handle download with all data present" time="0.000464024">
        </testcase>
        <testcase classname="client/__tests__/downloads-utils.test.ts" name="Badge visibility edge cases &gt; should handle download with minimal data (no optional fields)" time="0.000419357">
        </testcase>
        <testcase classname="client/__tests__/downloads-utils.test.ts" name="Badge visibility edge cases &gt; should handle completed download with ratio but no speeds" time="0.000268667">
        </testcase>
        <testcase classname="client/__tests__/downloads-utils.test.ts" name="Usenet Utility Functions &gt; getDownloadTypeColor &gt; should return correct color for usenet" time="0.000479832">
        </testcase>
        <testcase classname="client/__tests__/downloads-utils.test.ts" name="Usenet Utility Functions &gt; getDownloadTypeColor &gt; should return correct color for torrent" time="0.000206876">
        </testcase>
        <testcase classname="client/__tests__/downloads-utils.test.ts" name="Usenet Utility Functions &gt; getDownloadTypeColor &gt; should return default color (torrent) when undefined" time="0.000166633">
        </testcase>
        <testcase classname="client/__tests__/downloads-utils.test.ts" name="Usenet Utility Functions &gt; getDownloadTypeBadgeVariant &gt; should return secondary for usenet" time="0.000191033">
        </testcase>
        <testcase classname="client/__tests__/downloads-utils.test.ts" name="Usenet Utility Functions &gt; getDownloadTypeBadgeVariant &gt; should return default for torrent" time="0.000159462">
        </testcase>
        <testcase classname="client/__tests__/downloads-utils.test.ts" name="Usenet Utility Functions &gt; getDownloadTypeBadgeVariant &gt; should return default when undefined" time="0.00026636">
        </testcase>
        <testcase classname="client/__tests__/downloads-utils.test.ts" name="Usenet Utility Functions &gt; getDownloadTypeTextExColor &gt; should return amber text for usenet" time="0.000213423">
        </testcase>
        <testcase classname="client/__tests__/downloads-utils.test.ts" name="Usenet Utility Functions &gt; getDownloadTypeTextExColor &gt; should return violet text for torrent" time="0.000156397">
        </testcase>
        <testcase classname="client/__tests__/downloads-utils.test.ts" name="Usenet Utility Functions &gt; getDownloadTypeTextExColor &gt; should return violet text when undefined" time="0.000150193">
        </testcase>
        <testcase classname="client/__tests__/downloads-utils.test.ts" name="Usenet Utility Functions &gt; formatDownloadType &gt; should return Usenet for usenet type" time="0.000252212">
        </testcase>
        <testcase classname="client/__tests__/downloads-utils.test.ts" name="Usenet Utility Functions &gt; formatDownloadType &gt; should return Torrent for torrent type" time="0.000182558">
        </testcase>
        <testcase classname="client/__tests__/downloads-utils.test.ts" name="Usenet Utility Functions &gt; formatDownloadType &gt; should return Torrent when undefined" time="0.000151501">
        </testcase>
        <testcase classname="client/__tests__/downloads-utils.test.ts" name="Usenet Utility Functions &gt; shouldShowTorrentMetrics &gt; should return true for torrent type" time="0.000306183">
        </testcase>
        <testcase classname="client/__tests__/downloads-utils.test.ts" name="Usenet Utility Functions &gt; shouldShowTorrentMetrics &gt; should return true when type is undefined (backward compatibility)" time="0.000239914">
        </testcase>
        <testcase classname="client/__tests__/downloads-utils.test.ts" name="Usenet Utility Functions &gt; shouldShowTorrentMetrics &gt; should return false for usenet type" time="0.000204286">
        </testcase>
        <testcase classname="client/__tests__/downloads-utils.test.ts" name="Usenet Utility Functions &gt; shouldShowUsenetMetrics &gt; should return true for usenet type" time="0.00022037">
        </testcase>
        <testcase classname="client/__tests__/downloads-utils.test.ts" name="Usenet Utility Functions &gt; shouldShowUsenetMetrics &gt; should return false for torrent type" time="0.000168542">
        </testcase>
        <testcase classname="client/__tests__/downloads-utils.test.ts" name="Usenet Utility Functions &gt; shouldShowRepairStatus &gt; should return true for usenet with repair status" time="0.000414311">
        </testcase>
        <testcase classname="client/__tests__/downloads-utils.test.ts" name="Usenet Utility Functions &gt; shouldShowRepairStatus &gt; should return false if not usenet" time="0.000194312">
        </testcase>
        <testcase classname="client/__tests__/downloads-utils.test.ts" name="Usenet Utility Functions &gt; shouldShowRepairStatus &gt; should return false if repair status is undefined" time="0.00016574">
        </testcase>
        <testcase classname="client/__tests__/downloads-utils.test.ts" name="Usenet Utility Functions &gt; shouldShowUnpackStatus &gt; should return true for usenet with unpack status" time="0.000316147">
        </testcase>
        <testcase classname="client/__tests__/downloads-utils.test.ts" name="Usenet Utility Functions &gt; shouldShowUnpackStatus &gt; should return false if not usenet" time="0.000186565">
        </testcase>
        <testcase classname="client/__tests__/downloads-utils.test.ts" name="Usenet Utility Functions &gt; shouldShowUnpackStatus &gt; should return false if unpack status is undefined" time="0.000175848">
        </testcase>
        <testcase classname="client/__tests__/downloads-utils.test.ts" name="Usenet Utility Functions &gt; getRepairStatusBadgeVariant &gt; should return correct variants" time="0.000290794">
        </testcase>
        <testcase classname="client/__tests__/downloads-utils.test.ts" name="Usenet Utility Functions &gt; getUnpackStatusBadgeVariant &gt; should return correct variants" time="0.000376779">
        </testcase>
        <testcase classname="client/__tests__/downloads-utils.test.ts" name="Usenet Utility Functions &gt; formatRepairStatus &gt; should format correctly" time="0.000344817">
        </testcase>
        <testcase classname="client/__tests__/downloads-utils.test.ts" name="Usenet Utility Functions &gt; formatUnpackStatus &gt; should format correctly" time="0.000449945">
        </testcase>
        <testcase classname="client/__tests__/downloads-utils.test.ts" name="Usenet Utility Functions &gt; formatAge &gt; should handle undefined" time="0.000235301">
        </testcase>
        <testcase classname="client/__tests__/downloads-utils.test.ts" name="Usenet Utility Functions &gt; formatAge &gt; should handle 0 days" time="0.000173827">
        </testcase>
        <testcase classname="client/__tests__/downloads-utils.test.ts" name="Usenet Utility Functions &gt; formatAge &gt; should handle partial days" time="0.000156048">
        </testcase>
        <testcase classname="client/__tests__/downloads-utils.test.ts" name="Usenet Utility Functions &gt; formatAge &gt; should handle 1 day" time="0.00014465">
        </testcase>
        <testcase classname="client/__tests__/downloads-utils.test.ts" name="Usenet Utility Functions &gt; formatAge &gt; should handle multiple days" time="0.002955107">
        </testcase>
        <testcase classname="client/__tests__/downloads-utils.test.ts" name="Usenet Utility Functions &gt; isUsenetItem &gt; should identify usenet item by grabs" time="0.000355251">
        </testcase>
        <testcase classname="client/__tests__/downloads-utils.test.ts" name="Usenet Utility Functions &gt; isUsenetItem &gt; should identify usenet item by age" time="0.000204021">
        </testcase>
        <testcase classname="client/__tests__/downloads-utils.test.ts" name="Usenet Utility Functions &gt; isUsenetItem &gt; should return false if seeders are present (torrent)" time="0.000179582">
        </testcase>
        <testcase classname="client/__tests__/downloads-utils.test.ts" name="Usenet Utility Functions &gt; isUsenetItem &gt; should return false if no identifying fields" time="0.000166613">
        </testcase>
    </testsuite>
    <testsuite name="client/__tests__/usenet-utils.test.ts" timestamp="2026-04-15T11:40:51.240Z" hostname="devbox" tests="3" failures="0" errors="0" skipped="0" time="0.007685626">
        <testcase classname="client/__tests__/usenet-utils.test.ts" name="isUsenetItem &gt; should return true for items with grabs or age" time="0.00354874">
        </testcase>
        <testcase classname="client/__tests__/usenet-utils.test.ts" name="isUsenetItem &gt; should return false for items with seeders" time="0.000413641">
        </testcase>
        <testcase classname="client/__tests__/usenet-utils.test.ts" name="isUsenetItem &gt; should return false for empty items (default to torrent)" time="0.000182852">
        </testcase>
    </testsuite>
    <testsuite name="client/__tests__/versionService.test.ts" timestamp="2026-04-15T11:40:51.242Z" hostname="devbox" tests="5" failures="0" errors="0" skipped="0" time="0.012346402">
        <testcase classname="client/__tests__/versionService.test.ts" name="Version Service &gt; fetchLatestQuestarrVersion &gt; should fetch and return the latest version from GitHub" time="0.005878971">
        </testcase>
        <testcase classname="client/__tests__/versionService.test.ts" name="Version Service &gt; fetchLatestQuestarrVersion &gt; should return null when fetch fails with non-ok response" time="0.000503075">
        </testcase>
        <testcase classname="client/__tests__/versionService.test.ts" name="Version Service &gt; fetchLatestQuestarrVersion &gt; should return null when version is missing from response" time="0.000657954">
        </testcase>
        <testcase classname="client/__tests__/versionService.test.ts" name="Version Service &gt; fetchLatestQuestarrVersion &gt; should return null and log error when fetch throws" time="0.001673643">
        </testcase>
        <testcase classname="client/__tests__/versionService.test.ts" name="Version Service &gt; fetchLatestQuestarrVersion &gt; should return null when JSON parsing fails" time="0.000655776">
        </testcase>
    </testsuite>
    <testsuite name="client/__tests__/wishlist-sort.test.ts" timestamp="2026-04-15T11:40:51.245Z" hostname="devbox" tests="9" failures="0" errors="0" skipped="0" time="0.027824671">
        <testcase classname="client/__tests__/wishlist-sort.test.ts" name="sortGames &gt; release-asc &gt; sorts by release date ascending" time="0.004057396">
        </testcase>
        <testcase classname="client/__tests__/wishlist-sort.test.ts" name="sortGames &gt; release-asc &gt; pushes games with no release date to the end" time="0.000384122">
        </testcase>
        <testcase classname="client/__tests__/wishlist-sort.test.ts" name="sortGames &gt; release-asc &gt; is stable when both games have no release date (returns 0)" time="0.000297448">
        </testcase>
        <testcase classname="client/__tests__/wishlist-sort.test.ts" name="sortGames &gt; release-desc &gt; sorts by release date descending" time="0.000335293">
        </testcase>
        <testcase classname="client/__tests__/wishlist-sort.test.ts" name="sortGames &gt; release-desc &gt; is stable when both games have no release date (returns 0)" time="0.000277149">
        </testcase>
        <testcase classname="client/__tests__/wishlist-sort.test.ts" name="sortGames &gt; added-desc &gt; sorts by addedAt descending" time="0.000313004">
        </testcase>
        <testcase classname="client/__tests__/wishlist-sort.test.ts" name="sortGames &gt; added-desc &gt; is stable when both games have no addedAt (returns 0)" time="0.000388675">
        </testcase>
        <testcase classname="client/__tests__/wishlist-sort.test.ts" name="sortGames &gt; title-asc &gt; sorts by title alphabetically" time="0.017827089">
        </testcase>
        <testcase classname="client/__tests__/wishlist-sort.test.ts" name="sortGames &gt; does not mutate the original array" time="0.00060143">
        </testcase>
    </testsuite>
    <testsuite name="server/__tests__/api_routes.test.ts" timestamp="2026-04-15T11:40:51.250Z" hostname="devbox" tests="11" failures="0" errors="0" skipped="0" time="0.170188496">
        <testcase classname="server/__tests__/api_routes.test.ts" name="API Routes &gt; GET /api/games &gt; should return user games" time="0.054454856">
        </testcase>
        <testcase classname="server/__tests__/api_routes.test.ts" name="API Routes &gt; GET /api/games &gt; should handle search query" time="0.009599651">
        </testcase>
        <testcase classname="server/__tests__/api_routes.test.ts" name="API Routes &gt; POST /api/games &gt; should add a new game" time="0.038093849">
        </testcase>
        <testcase classname="server/__tests__/api_routes.test.ts" name="API Routes &gt; POST /api/games &gt; should prevent duplicate games" time="0.010540605">
        </testcase>
        <testcase classname="server/__tests__/api_routes.test.ts" name="API Routes &gt; GET /api/igdb/search &gt; should return search results" time="0.008607104">
        </testcase>
        <testcase classname="server/__tests__/api_routes.test.ts" name="API Routes &gt; GET /api/igdb/search &gt; should require query parameter" time="0.008601867">
        </testcase>
        <testcase classname="server/__tests__/api_routes.test.ts" name="API Routes &gt; GET /api/igdb/search &gt; PATCH /api/games/:id/status &gt; should update game status" time="0.008098174">
        </testcase>
        <testcase classname="server/__tests__/api_routes.test.ts" name="API Routes &gt; GET /api/igdb/search &gt; PATCH /api/games/:id/status &gt; should return 404 for non-existent game" time="0.006149535">
        </testcase>
        <testcase classname="server/__tests__/api_routes.test.ts" name="API Routes &gt; PATCH /api/games/:id/hidden &gt; should update hidden status" time="0.006672442">
        </testcase>
        <testcase classname="server/__tests__/api_routes.test.ts" name="API Routes &gt; DELETE /api/games/:id &gt; should remove game" time="0.009634572">
        </testcase>
        <testcase classname="server/__tests__/api_routes.test.ts" name="API Routes &gt; DELETE /api/games/:id &gt; should return 404 if game not found" time="0.006106852">
        </testcase>
    </testsuite>
    <testsuite name="server/__tests__/auth.test.ts" timestamp="2026-04-15T11:40:51.256Z" hostname="devbox" tests="6" failures="0" errors="0" skipped="0" time="0.531406488">
        <testcase classname="server/__tests__/auth.test.ts" name="auth Module &gt; hashPassword &amp; comparePassword &gt; should hash a password and be able to compare it" time="0.513829275">
        </testcase>
        <testcase classname="server/__tests__/auth.test.ts" name="auth Module &gt; generateToken &gt; should generate a valid JWT token" time="0.006500062">
        </testcase>
        <testcase classname="server/__tests__/auth.test.ts" name="auth Module &gt; authenticateToken &gt; should return 401 if no token provided" time="0.00362625">
        </testcase>
        <testcase classname="server/__tests__/auth.test.ts" name="auth Module &gt; authenticateToken &gt; should return 401 if user not found" time="0.001621885">
        </testcase>
        <testcase classname="server/__tests__/auth.test.ts" name="auth Module &gt; authenticateToken &gt; should call next() if token and user are valid" time="0.000991721">
        </testcase>
        <testcase classname="server/__tests__/auth.test.ts" name="auth Module &gt; authenticateToken &gt; should return 403 on invalid signature" time="0.001063762">
        </testcase>
    </testsuite>
    <testsuite name="server/__tests__/config-loader.test.ts" timestamp="2026-04-15T11:40:51.260Z" hostname="devbox" tests="5" failures="0" errors="0" skipped="0" time="0.012241777">
        <testcase classname="server/__tests__/config-loader.test.ts" name="ConfigLoader &gt; Constructor Path Logic &gt; should prioritize data/config.yaml if it exists" time="0.00454704">
        </testcase>
        <testcase classname="server/__tests__/config-loader.test.ts" name="ConfigLoader &gt; Constructor Path Logic &gt; should fallback to config.yaml if data/config.yaml missing but root exists" time="0.000868371">
        </testcase>
        <testcase classname="server/__tests__/config-loader.test.ts" name="ConfigLoader &gt; Constructor Path Logic &gt; should default to data/config.yaml for new instances if neither exists" time="0.000913265">
        </testcase>
        <testcase classname="server/__tests__/config-loader.test.ts" name="ConfigLoader &gt; Environment Variable Overrides &gt; should override SSL port from env var" time="0.000794901">
        </testcase>
        <testcase classname="server/__tests__/config-loader.test.ts" name="ConfigLoader &gt; Environment Variable Overrides &gt; should use env var SSL port for default config if file broken" time="0.00203842">
        </testcase>
    </testsuite>
    <testsuite name="server/__tests__/config.test.ts" timestamp="2026-04-15T11:40:51.263Z" hostname="devbox" tests="8" failures="0" errors="0" skipped="0" time="0.064817413">
        <testcase classname="server/__tests__/config.test.ts" name="Config Module &gt; when configuration is missing &gt; should use default fallback sqlite DB if paths are missing" time="0.036001113">
        </testcase>
        <testcase classname="server/__tests__/config.test.ts" name="Config Module &gt; when PORT is invalid &gt; should call process.exit(1) for non-numeric PORT" time="0.008318238">
        </testcase>
        <testcase classname="server/__tests__/config.test.ts" name="Config Module &gt; when SQLITE_DB_PATH is set &gt; should export valid config with defaults" time="0.002484084">
        </testcase>
        <testcase classname="server/__tests__/config.test.ts" name="Config Module &gt; when SQLITE_DB_PATH is set &gt; should respect custom PORT and HOST" time="0.003136091">
        </testcase>
        <testcase classname="server/__tests__/config.test.ts" name="Config Module &gt; when SQLITE_DB_PATH is set &gt; should detect IGDB as configured when both credentials are set" time="0.002107194">
        </testcase>
        <testcase classname="server/__tests__/config.test.ts" name="Config Module &gt; when SQLITE_DB_PATH is set &gt; should detect IGDB as not configured when only one credential is set" time="0.002026109">
        </testcase>
        <testcase classname="server/__tests__/config.test.ts" name="Config Module &gt; when SQLITE_DB_PATH is set &gt; should set NODE_ENV correctly" time="0.00223701">
        </testcase>
        <testcase classname="server/__tests__/config.test.ts" name="Config Module &gt; when SQLITE_DB_PATH is set &gt; should set test environment flags correctly" time="0.005197142">
        </testcase>
    </testsuite>
    <testsuite name="server/__tests__/db.test.ts" timestamp="2026-04-15T11:40:51.268Z" hostname="devbox" tests="6" failures="0" errors="0" skipped="6" time="0">
        <testcase classname="server/__tests__/db.test.ts" name="Database Initialization &gt; should initialize with :memory: database in test environment" time="0">
            <skipped/>
        </testcase>
        <testcase classname="server/__tests__/db.test.ts" name="Database Initialization &gt; should create database directory if it doesn&apos;t exist" time="0">
            <skipped/>
        </testcase>
        <testcase classname="server/__tests__/db.test.ts" name="Database Initialization &gt; should use default path when SQLITE_DB_PATH is not set" time="0">
            <skipped/>
        </testcase>
        <testcase classname="server/__tests__/db.test.ts" name="Database Initialization &gt; should handle existing valid database file" time="0">
            <skipped/>
        </testcase>
        <testcase classname="server/__tests__/db.test.ts" name="Database Initialization &gt; should handle when database path is a directory by appending sqlite.db" time="0">
            <skipped/>
        </testcase>
        <testcase classname="server/__tests__/db.test.ts" name="Database Initialization &gt; should apply SQLite pragmas for performance" time="0">
            <skipped/>
        </testcase>
    </testsuite>
    <testsuite name="server/__tests__/downloader_duplicates.test.ts" timestamp="2026-04-15T11:40:51.272Z" hostname="devbox" tests="5" failures="0" errors="0" skipped="0" time="0.021848324">
        <testcase classname="server/__tests__/downloader_duplicates.test.ts" name="Downloader Duplicates Handling &gt; Transmission: should return success: true when torrent is a duplicate" time="0.007072124">
        </testcase>
        <testcase classname="server/__tests__/downloader_duplicates.test.ts" name="Downloader Duplicates Handling &gt; qBittorrent: should return success: true when response is &apos;Fails.&apos;" time="0.009214542">
        </testcase>
        <testcase classname="server/__tests__/downloader_duplicates.test.ts" name="Downloader Duplicates Handling &gt; SABnzbd: should return success: true when error mentions &apos;Duplicate&apos;" time="0.001241035">
        </testcase>
        <testcase classname="server/__tests__/downloader_duplicates.test.ts" name="Downloader Duplicates Handling &gt; SABnzbd: should return success: true when status is true but no IDs (merged/duplicate)" time="0.000591076">
        </testcase>
        <testcase classname="server/__tests__/downloader_duplicates.test.ts" name="Downloader Duplicates Handling &gt; addDownloadWithFallback: should stop falling back when duplicate is encountered (success: true)" time="0.001138633">
        </testcase>
    </testsuite>
    <testsuite name="server/__tests__/downloaders.test.ts" timestamp="2026-04-15T11:40:51.276Z" hostname="devbox" tests="8" failures="0" errors="0" skipped="0" time="0.017371927">
        <testcase classname="server/__tests__/downloaders.test.ts" name="TransmissionClient &gt; testConnection &gt; should return success on valid session-get response" time="0.005556336">
        </testcase>
        <testcase classname="server/__tests__/downloaders.test.ts" name="TransmissionClient &gt; testConnection &gt; should handle authentication failure" time="0.000821102">
        </testcase>
        <testcase classname="server/__tests__/downloaders.test.ts" name="TransmissionClient &gt; addDownload &gt; should add magnet link successfully" time="0.001043356">
        </testcase>
        <testcase classname="server/__tests__/downloaders.test.ts" name="TransmissionClient &gt; addDownload &gt; should handle duplicates" time="0.000603226">
        </testcase>
        <testcase classname="server/__tests__/downloaders.test.ts" name="TransmissionClient &gt; addDownload &gt; should fallback to local download for non-magnet URLs" time="0.001667228">
        </testcase>
        <testcase classname="server/__tests__/downloaders.test.ts" name="TransmissionClient &gt; getDownloadStatus &gt; should map status correctly" time="0.001050217">
        </testcase>
        <testcase classname="server/__tests__/downloaders.test.ts" name="RTorrentClient &gt; testConnection &gt; should return success on valid system.client_version response" time="0.001632813">
        </testcase>
        <testcase classname="server/__tests__/downloaders.test.ts" name="QBittorrentClient &gt; authenticate &gt; should authenticate and set cookie" time="0.001586308">
        </testcase>
    </testsuite>
    <testsuite name="server/__tests__/downloaders_comprehensive.test.ts" timestamp="2026-04-15T11:40:51.280Z" hostname="devbox" tests="10" failures="0" errors="0" skipped="0" time="0.035936157">
        <testcase classname="server/__tests__/downloaders_comprehensive.test.ts" name="Downloader Comprehensive Tests &gt; TransmissionClient &gt; should add download successfully" time="0.007154131">
        </testcase>
        <testcase classname="server/__tests__/downloaders_comprehensive.test.ts" name="Downloader Comprehensive Tests &gt; TransmissionClient &gt; should handle duplicate torrent as success" time="0.000903029">
        </testcase>
        <testcase classname="server/__tests__/downloaders_comprehensive.test.ts" name="Downloader Comprehensive Tests &gt; TransmissionClient &gt; should get download status" time="0.001057642">
        </testcase>
        <testcase classname="server/__tests__/downloaders_comprehensive.test.ts" name="Downloader Comprehensive Tests &gt; RTorrentClient &gt; should add download successfully" time="0.002145655">
        </testcase>
        <testcase classname="server/__tests__/downloaders_comprehensive.test.ts" name="Downloader Comprehensive Tests &gt; QBittorrentClient &gt; should add download successfully" time="0.009322092">
        </testcase>
        <testcase classname="server/__tests__/downloaders_comprehensive.test.ts" name="Downloader Comprehensive Tests &gt; QBittorrentClient &gt; should handle duplicate torrent (Fails.) as success" time="0.002672372">
        </testcase>
        <testcase classname="server/__tests__/downloaders_comprehensive.test.ts" name="Downloader Comprehensive Tests &gt; SABnzbdClient &gt; should add NZB successfully" time="0.001377526">
        </testcase>
        <testcase classname="server/__tests__/downloaders_comprehensive.test.ts" name="Downloader Comprehensive Tests &gt; SABnzbdClient &gt; should handle duplicate NZB as success" time="0.000730011">
        </testcase>
        <testcase classname="server/__tests__/downloaders_comprehensive.test.ts" name="Downloader Comprehensive Tests &gt; NZBGetClient &gt; should add NZB successfully" time="0.006511742">
        </testcase>
        <testcase classname="server/__tests__/downloaders_comprehensive.test.ts" name="Downloader Comprehensive Tests &gt; NZBGetClient &gt; should handle failed NZB fetch" time="0.000435526">
        </testcase>
    </testsuite>
    <testsuite name="server/__tests__/downloaders_ssrf.test.ts" timestamp="2026-04-15T11:40:51.286Z" hostname="devbox" tests="7" failures="0" errors="0" skipped="0" time="0.014351983">
        <testcase classname="server/__tests__/downloaders_ssrf.test.ts" name="Downloader SSRF Protection &gt; TransmissionClient &gt; should block unsafe URL in addDownload (magnet)" time="0.006550572">
        </testcase>
        <testcase classname="server/__tests__/downloaders_ssrf.test.ts" name="Downloader SSRF Protection &gt; TransmissionClient &gt; should block unsafe URL in addDownload (http)" time="0.000669253">
        </testcase>
        <testcase classname="server/__tests__/downloaders_ssrf.test.ts" name="Downloader SSRF Protection &gt; RTorrentClient &gt; should block unsafe URL in addDownload" time="0.000926685">
        </testcase>
        <testcase classname="server/__tests__/downloaders_ssrf.test.ts" name="Downloader SSRF Protection &gt; QBittorrentClient &gt; should block unsafe URL in addDownload" time="0.001606585">
        </testcase>
        <testcase classname="server/__tests__/downloaders_ssrf.test.ts" name="Downloader SSRF Protection &gt; QBittorrentClient &gt; should block unsafe URL in fetchWithMagnetDetection (internal helper)" time="0.000335516">
        </testcase>
        <testcase classname="server/__tests__/downloaders_ssrf.test.ts" name="Downloader SSRF Protection &gt; SABnzbdClient &gt; should block unsafe URL in addDownload" time="0.000684661">
        </testcase>
        <testcase classname="server/__tests__/downloaders_ssrf.test.ts" name="Downloader SSRF Protection &gt; NZBGetClient &gt; should block unsafe URL in addDownload" time="0.000630582">
        </testcase>
    </testsuite>
    <testsuite name="server/__tests__/health.test.ts" timestamp="2026-04-15T11:40:51.290Z" hostname="devbox" tests="5" failures="0" errors="0" skipped="0" time="0.013204418">
        <testcase classname="server/__tests__/health.test.ts" name="Health and Readiness Endpoints &gt; Liveness Probe (/api/health) &gt; should always return a 200 OK status" time="0.004262536">
        </testcase>
        <testcase classname="server/__tests__/health.test.ts" name="Health and Readiness Endpoints &gt; Readiness Probe (/api/ready) &gt; should return ok: true when both db and igdb are healthy" time="0.004391881">
        </testcase>
        <testcase classname="server/__tests__/health.test.ts" name="Health and Readiness Endpoints &gt; Readiness Probe (/api/ready) &gt; should return ok: false when database is down" time="0.000665055">
        </testcase>
        <testcase classname="server/__tests__/health.test.ts" name="Health and Readiness Endpoints &gt; Readiness Probe (/api/ready) &gt; should return ok: false when IGDB API is down" time="0.000637519">
        </testcase>
        <testcase classname="server/__tests__/health.test.ts" name="Health and Readiness Endpoints &gt; Readiness Probe (/api/ready) &gt; should return ok: false when both services are down" time="0.000428911">
        </testcase>
    </testsuite>
    <testsuite name="server/__tests__/igdb.test.ts" timestamp="2026-04-15T11:40:51.293Z" hostname="devbox" tests="9" failures="0" errors="0" skipped="0" time="1.840242936">
        <testcase classname="server/__tests__/igdb.test.ts" name="IGDBClient - Fallback Mechanism &gt; should try multiple search approaches when first approach returns no results" time="1.268909147">
        </testcase>
        <testcase classname="server/__tests__/igdb.test.ts" name="IGDBClient - Fallback Mechanism &gt; should return empty array when all search approaches fail" time="0.0399157">
        </testcase>
        <testcase classname="server/__tests__/igdb.test.ts" name="IGDBClient - Fallback Mechanism &gt; should cap total search attempts at MAX_SEARCH_ATTEMPTS (5)" time="0.040876253">
        </testcase>
        <testcase classname="server/__tests__/igdb.test.ts" name="IGDBClient - Fallback Mechanism &gt; should return null for getGameById when not found" time="0.023071956">
        </testcase>
        <testcase classname="server/__tests__/igdb.test.ts" name="IGDBClient - Fallback Mechanism &gt; Discovery Methods &gt; getPopularGames should return list of games" time="0.050377933">
        </testcase>
        <testcase classname="server/__tests__/igdb.test.ts" name="IGDBClient - Fallback Mechanism &gt; Discovery Methods &gt; getRecentReleases should return list of games" time="0.110276897">
        </testcase>
        <testcase classname="server/__tests__/igdb.test.ts" name="IGDBClient - Fallback Mechanism &gt; Discovery Methods &gt; getUpcomingReleases should return list of games" time="0.073752545">
        </testcase>
        <testcase classname="server/__tests__/igdb.test.ts" name="IGDBClient - Fallback Mechanism &gt; Category Search &gt; getGamesByGenre should return games" time="0.059401678">
        </testcase>
        <testcase classname="server/__tests__/igdb.test.ts" name="IGDBClient - Fallback Mechanism &gt; Category Search &gt; getGamesByPlatform should return games" time="0.131092153">
        </testcase>
    </testsuite>
    <testsuite name="server/__tests__/igdb_error.test.ts" timestamp="2026-04-15T11:40:51.299Z" hostname="devbox" tests="1" failures="0" errors="0" skipped="0" time="0.008261434">
        <testcase classname="server/__tests__/igdb_error.test.ts" name="IGDB Client Error Handling &gt; should return empty array when credentials are missing" time="0.005115215">
        </testcase>
    </testsuite>
    <testsuite name="server/__tests__/indexers-search.test.ts" timestamp="2026-04-15T11:40:51.300Z" hostname="devbox" tests="7" failures="0" errors="0" skipped="0" time="0.049665234">
        <testcase classname="server/__tests__/indexers-search.test.ts" name="GET /api/indexers/search - Aggregated multi-indexer search &gt; should aggregate results from multiple enabled indexers" time="0.021920097">
        </testcase>
        <testcase classname="server/__tests__/indexers-search.test.ts" name="GET /api/indexers/search - Aggregated multi-indexer search &gt; should return items and errors when some indexers fail" time="0.002162058">
        </testcase>
        <testcase classname="server/__tests__/indexers-search.test.ts" name="GET /api/indexers/search - Aggregated multi-indexer search &gt; should return empty items with errors when all indexers fail" time="0.005632383">
        </testcase>
        <testcase classname="server/__tests__/indexers-search.test.ts" name="GET /api/indexers/search - Aggregated multi-indexer search &gt; should throw error when no enabled indexers are available" time="0.002538753">
        </testcase>
        <testcase classname="server/__tests__/indexers-search.test.ts" name="GET /api/indexers/search - Aggregated multi-indexer search &gt; should filter out disabled indexers" time="0.003838501">
        </testcase>
        <testcase classname="server/__tests__/indexers-search.test.ts" name="GET /api/indexers/search - Aggregated multi-indexer search &gt; Comments URL handling &gt; should pass through comments when provided by indexer" time="0.005710003">
        </testcase>
        <testcase classname="server/__tests__/indexers-search.test.ts" name="GET /api/indexers/search - Aggregated multi-indexer search &gt; Comments URL handling &gt; should include indexerUrl in results for fallback URL construction" time="0.001704982">
        </testcase>
    </testsuite>
    <testsuite name="server/__tests__/logger.test.ts" timestamp="2026-04-15T11:40:51.304Z" hostname="devbox" tests="4" failures="0" errors="0" skipped="0" time="0.037263149">
        <testcase classname="server/__tests__/logger.test.ts" name="Logger Module &gt; should export logger and child loggers" time="0.026807928">
        </testcase>
        <testcase classname="server/__tests__/logger.test.ts" name="Logger Module &gt; should create child loggers with module property" time="0.003711991">
        </testcase>
        <testcase classname="server/__tests__/logger.test.ts" name="Logger Module &gt; should respect LOG_LEVEL environment variable" time="0.002050808">
        </testcase>
        <testcase classname="server/__tests__/logger.test.ts" name="Logger Module &gt; should default to debug level when LOG_LEVEL is not set" time="0.001814969">
        </testcase>
    </testsuite>
    <testsuite name="server/__tests__/logging.test.ts" timestamp="2026-04-15T11:40:51.307Z" hostname="devbox" tests="1" failures="0" errors="0" skipped="0" time="0.018261043">
        <testcase classname="server/__tests__/logging.test.ts" name="Search Logging &gt; should log search request and category parsing in TorznabClient" time="0.015484844">
        </testcase>
    </testsuite>
    <testsuite name="server/__tests__/magnet_detection.test.ts" timestamp="2026-04-15T11:40:51.308Z" hostname="devbox" tests="4" failures="0" errors="0" skipped="0" time="1.534342817">
        <testcase classname="server/__tests__/magnet_detection.test.ts" name="Magnet Detection and Redirect Handling in QBittorrentClient &gt; should retry with %20 when a URL with + returns 400 Bad Request" time="0.516368329">
        </testcase>
        <testcase classname="server/__tests__/magnet_detection.test.ts" name="Magnet Detection and Redirect Handling in QBittorrentClient &gt; should detect magnet link redirects and handle them" time="0.505537428">
        </testcase>
        <testcase classname="server/__tests__/magnet_detection.test.ts" name="Magnet Detection and Redirect Handling in QBittorrentClient &gt; should handle relative redirect URLs" time="0.50334251">
        </testcase>
        <testcase classname="server/__tests__/magnet_detection.test.ts" name="Magnet Detection and Redirect Handling in QBittorrentClient &gt; should fail gracefully after max redirects" time="0.001699477">
        </testcase>
    </testsuite>
    <testsuite name="server/__tests__/middleware.test.ts" timestamp="2026-04-15T11:40:51.310Z" hostname="devbox" tests="29" failures="0" errors="0" skipped="0" time="0.0727805">
        <testcase classname="server/__tests__/middleware.test.ts" name="Middleware - Input Sanitization &gt; sanitizeSearchQuery &gt; should allow valid search query" time="0.009298245">
        </testcase>
        <testcase classname="server/__tests__/middleware.test.ts" name="Middleware - Input Sanitization &gt; sanitizeSearchQuery &gt; should reject search query that is too long" time="0.005355105">
        </testcase>
        <testcase classname="server/__tests__/middleware.test.ts" name="Middleware - Input Sanitization &gt; sanitizeSearchQuery &gt; should trim and sanitize search query" time="0.001423916">
        </testcase>
        <testcase classname="server/__tests__/middleware.test.ts" name="Middleware - Input Sanitization &gt; sanitizeGameId &gt; should allow valid UUID" time="0.000806423">
        </testcase>
        <testcase classname="server/__tests__/middleware.test.ts" name="Middleware - Input Sanitization &gt; sanitizeGameId &gt; should reject invalid UUID" time="0.000962087">
        </testcase>
        <testcase classname="server/__tests__/middleware.test.ts" name="Middleware - Input Sanitization &gt; sanitizeIgdbId &gt; should allow valid IGDB ID" time="0.000906131">
        </testcase>
        <testcase classname="server/__tests__/middleware.test.ts" name="Middleware - Input Sanitization &gt; sanitizeIgdbId &gt; should reject negative IGDB ID" time="0.000692791">
        </testcase>
        <testcase classname="server/__tests__/middleware.test.ts" name="Middleware - Input Sanitization &gt; sanitizeIgdbId &gt; should reject non-numeric IGDB ID" time="0.000654476">
        </testcase>
        <testcase classname="server/__tests__/middleware.test.ts" name="Middleware - Input Sanitization &gt; sanitizeGameStatus &gt; should allow valid game status" time="0.002128062">
        </testcase>
        <testcase classname="server/__tests__/middleware.test.ts" name="Middleware - Input Sanitization &gt; sanitizeGameStatus &gt; should reject invalid game status" time="0.00058063">
        </testcase>
        <testcase classname="server/__tests__/middleware.test.ts" name="Middleware - Input Sanitization &gt; sanitizeGameData &gt; should allow valid game data" time="0.006654338">
        </testcase>
        <testcase classname="server/__tests__/middleware.test.ts" name="Middleware - Input Sanitization &gt; sanitizeGameData &gt; should reject game with missing title" time="0.001808938">
        </testcase>
        <testcase classname="server/__tests__/middleware.test.ts" name="Middleware - Input Sanitization &gt; sanitizeGameData &gt; should reject game with invalid rating" time="0.001882837">
        </testcase>
        <testcase classname="server/__tests__/middleware.test.ts" name="Middleware - Input Sanitization &gt; sanitizeGameData &gt; should reject game with invalid URL" time="0.002414017">
        </testcase>
        <testcase classname="server/__tests__/middleware.test.ts" name="Middleware - Input Sanitization &gt; sanitizeGameData &gt; should reject game with invalid date format" time="0.001775338">
        </testcase>
        <testcase classname="server/__tests__/middleware.test.ts" name="Middleware - Input Sanitization &gt; sanitizeIndexerData &gt; should allow valid indexer data" time="0.001813946">
        </testcase>
        <testcase classname="server/__tests__/middleware.test.ts" name="Middleware - Input Sanitization &gt; sanitizeIndexerData &gt; should reject indexer with invalid URL" time="0.008502291">
        </testcase>
        <testcase classname="server/__tests__/middleware.test.ts" name="Middleware - Input Sanitization &gt; sanitizeDownloaderData &gt; should allow valid downloader data" time="0.006665367">
        </testcase>
        <testcase classname="server/__tests__/middleware.test.ts" name="Middleware - Input Sanitization &gt; sanitizeDownloaderData &gt; should reject downloader with invalid type" time="0.001509538">
        </testcase>
        <testcase classname="server/__tests__/middleware.test.ts" name="Middleware - Input Sanitization &gt; sanitizeDownloaderDownloadData &gt; should allow valid download data" time="0.001762908">
        </testcase>
        <testcase classname="server/__tests__/middleware.test.ts" name="Middleware - Input Sanitization &gt; sanitizeDownloaderDownloadData &gt; should reject download with invalid URL" time="0.001263691">
        </testcase>
        <testcase classname="server/__tests__/middleware.test.ts" name="Middleware - Input Sanitization &gt; sanitizeDownloaderDownloadData &gt; should reject download with invalid priority" time="0.002455838">
        </testcase>
        <testcase classname="server/__tests__/middleware.test.ts" name="Middleware - Input Sanitization &gt; sanitizeIndexerSearchQuery &gt; should allow valid search query" time="0.001072507">
        </testcase>
        <testcase classname="server/__tests__/middleware.test.ts" name="Middleware - Input Sanitization &gt; sanitizeIndexerSearchQuery &gt; should reject search query that is too long" time="0.001148583">
        </testcase>
        <testcase classname="server/__tests__/middleware.test.ts" name="Middleware - Input Sanitization &gt; sanitizeIndexerSearchQuery &gt; should reject limit greater than 100" time="0.001155624">
        </testcase>
        <testcase classname="server/__tests__/middleware.test.ts" name="Middleware - Input Sanitization &gt; sanitizeIndexerSearchQuery &gt; should reject limit less than 1" time="0.001143352">
        </testcase>
        <testcase classname="server/__tests__/middleware.test.ts" name="Middleware - Input Sanitization &gt; sanitizeIndexerSearchQuery &gt; should reject negative offset" time="0.001073703">
        </testcase>
        <testcase classname="server/__tests__/middleware.test.ts" name="Middleware - Input Sanitization &gt; sanitizeIndexerSearchQuery &gt; should allow valid limit and offset" time="0.00099529">
        </testcase>
        <testcase classname="server/__tests__/middleware.test.ts" name="Middleware - Input Sanitization &gt; sanitizeIndexerSearchQuery &gt; should convert limit and offset to integers" time="0.001087329">
        </testcase>
    </testsuite>
    <testsuite name="server/__tests__/newznab.test.ts" timestamp="2026-04-15T11:40:51.324Z" hostname="devbox" tests="10" failures="0" errors="0" skipped="0" time="0.042328999">
        <testcase classname="server/__tests__/newznab.test.ts" name="NewznabClient &gt; search &gt; should reject unsafe URLs" time="0.011881279">
        </testcase>
        <testcase classname="server/__tests__/newznab.test.ts" name="NewznabClient &gt; search &gt; should search successfully and parse results" time="0.009400167">
        </testcase>
        <testcase classname="server/__tests__/newznab.test.ts" name="NewznabClient &gt; search &gt; should filter results by category correctly" time="0.005383716">
        </testcase>
        <testcase classname="server/__tests__/newznab.test.ts" name="NewznabClient &gt; search &gt; should handle error response" time="0.002298346">
        </testcase>
        <testcase classname="server/__tests__/newznab.test.ts" name="NewznabClient &gt; getCategories &gt; should get categories successfully" time="0.002930247">
        </testcase>
        <testcase classname="server/__tests__/newznab.test.ts" name="NewznabClient &gt; testConnection &gt; should return success for valid connection" time="0.001137006">
        </testcase>
        <testcase classname="server/__tests__/newznab.test.ts" name="NewznabClient &gt; testConnection &gt; should handle failed HTTP response" time="0.000573834">
        </testcase>
        <testcase classname="server/__tests__/newznab.test.ts" name="NewznabClient &gt; testConnection &gt; should handle error XML response" time="0.000585439">
        </testcase>
        <testcase classname="server/__tests__/newznab.test.ts" name="NewznabClient &gt; searchMultipleIndexers &gt; should combine results" time="0.00270763">
        </testcase>
        <testcase classname="server/__tests__/newznab.test.ts" name="NewznabClient &gt; searchMultipleIndexers &gt; should handle errors from one indexer gracefully" time="0.00204621">
        </testcase>
    </testsuite>
    <testsuite name="server/__tests__/path_traversal.test.ts" timestamp="2026-04-15T11:40:51.329Z" hostname="devbox" tests="3" failures="0" errors="0" skipped="0" time="0.094062105">
        <testcase classname="server/__tests__/path_traversal.test.ts" name="Path Traversal Vulnerability in Routes &gt; should block path traversal in /api/system/filesystem" time="0.065365024">
        </testcase>
        <testcase classname="server/__tests__/path_traversal.test.ts" name="Path Traversal Vulnerability in Routes &gt; should block path traversal in /api/settings/ssl for certPath" time="0.019274715">
        </testcase>
        <testcase classname="server/__tests__/path_traversal.test.ts" name="Path Traversal Vulnerability in Routes &gt; should block path traversal in /api/settings/ssl for keyPath" time="0.00671714">
        </testcase>
    </testsuite>
    <testsuite name="server/__tests__/prowlarr.test.ts" timestamp="2026-04-15T11:40:51.331Z" hostname="devbox" tests="3" failures="0" errors="0" skipped="0" time="0.013258091">
        <testcase classname="server/__tests__/prowlarr.test.ts" name="ProwlarrClient &gt; should fetch and map indexers correctly" time="0.006871408">
        </testcase>
        <testcase classname="server/__tests__/prowlarr.test.ts" name="ProwlarrClient &gt; should handle Prowlarr API errors" time="0.003161898">
        </testcase>
        <testcase classname="server/__tests__/prowlarr.test.ts" name="ProwlarrClient &gt; should normalize Prowlarr URL" time="0.000561773">
        </testcase>
    </testsuite>
    <testsuite name="server/__tests__/qbittorrent_features.test.ts" timestamp="2026-04-15T11:40:51.333Z" hostname="devbox" tests="9" failures="0" errors="0" skipped="0" time="0.031392744">
        <testcase classname="server/__tests__/qbittorrent_features.test.ts" name="QBittorrentClient - Advanced Features &gt; should handle adding download from http URL (non-magnet) and resolve hash" time="0.015188569">
        </testcase>
        <testcase classname="server/__tests__/qbittorrent_features.test.ts" name="QBittorrentClient - Advanced Features &gt; should support force-started mode via settings" time="0.003138082">
        </testcase>
        <testcase classname="server/__tests__/qbittorrent_features.test.ts" name="QBittorrentClient - Advanced Features &gt; should support stopped (paused) mode via settings" time="0.001839024">
        </testcase>
        <testcase classname="server/__tests__/qbittorrent_features.test.ts" name="QBittorrentClient - Advanced Features &gt; should return free space using app/free_space when supported" time="0.001534486">
        </testcase>
        <testcase classname="server/__tests__/qbittorrent_features.test.ts" name="QBittorrentClient - Advanced Features &gt; should fall back when app/free_space returns null free_space_on_disk" time="0.001310552">
        </testcase>
        <testcase classname="server/__tests__/qbittorrent_features.test.ts" name="QBittorrentClient - Advanced Features &gt; should fall back when preferences fails but sync/maindata succeeds" time="0.001376584">
        </testcase>
        <testcase classname="server/__tests__/qbittorrent_features.test.ts" name="QBittorrentClient - Advanced Features &gt; should fall back to transfer/info when app/free_space and sync/maindata fail" time="0.001288414">
        </testcase>
        <testcase classname="server/__tests__/qbittorrent_features.test.ts" name="QBittorrentClient - Advanced Features &gt; should return 0 when all free space endpoints fail" time="0.001185688">
        </testcase>
        <testcase classname="server/__tests__/qbittorrent_features.test.ts" name="QBittorrentClient - Advanced Features &gt; should fall back when sync/maindata is ok but free space is missing/invalid" time="0.001512268">
        </testcase>
    </testsuite>
    <testsuite name="server/__tests__/routes.test.ts" timestamp="2026-04-15T11:40:51.339Z" hostname="devbox" tests="2" failures="0" errors="0" skipped="0" time="0.029151596">
        <testcase classname="server/__tests__/routes.test.ts" name="/api/downloads endpoint &gt; should return errors when a downloader fails" time="0.023816818">
        </testcase>
        <testcase classname="server/__tests__/routes.test.ts" name="/api/downloads endpoint &gt; should return empty errors array when all downloaders succeed" time="0.002624567">
        </testcase>
    </testsuite>
    <testsuite name="server/__tests__/rss-routes.test.ts" timestamp="2026-04-15T11:40:51.340Z" hostname="devbox" tests="12" failures="0" errors="0" skipped="0" time="0.299690132">
        <testcase classname="server/__tests__/rss-routes.test.ts" name="RSS Routes &gt; GET /api/rss/feeds &gt; should return all rss feeds" time="0.076945775">
        </testcase>
        <testcase classname="server/__tests__/rss-routes.test.ts" name="RSS Routes &gt; GET /api/rss/feeds &gt; should handle errors" time="0.023393933">
        </testcase>
        <testcase classname="server/__tests__/rss-routes.test.ts" name="RSS Routes &gt; POST /api/rss/feeds &gt; should create a new feed and trigger refresh" time="0.033999047">
        </testcase>
        <testcase classname="server/__tests__/rss-routes.test.ts" name="RSS Routes &gt; POST /api/rss/feeds &gt; should validate input" time="0.01781709">
        </testcase>
        <testcase classname="server/__tests__/rss-routes.test.ts" name="RSS Routes &gt; POST /api/rss/feeds &gt; should reject unsafe URLs with 400" time="0.017670421">
        </testcase>
        <testcase classname="server/__tests__/rss-routes.test.ts" name="RSS Routes &gt; PUT /api/rss/feeds/:id &gt; should update a feed" time="0.017198907">
        </testcase>
        <testcase classname="server/__tests__/rss-routes.test.ts" name="RSS Routes &gt; PUT /api/rss/feeds/:id &gt; should return 404 if feed not found" time="0.018148314">
        </testcase>
        <testcase classname="server/__tests__/rss-routes.test.ts" name="RSS Routes &gt; PUT /api/rss/feeds/:id &gt; should reject unsafe URLs with 400" time="0.017018298">
        </testcase>
        <testcase classname="server/__tests__/rss-routes.test.ts" name="RSS Routes &gt; PUT /api/rss/feeds/:id &gt; should not call isSafeUrl when URL is not being updated" time="0.016722549">
        </testcase>
        <testcase classname="server/__tests__/rss-routes.test.ts" name="RSS Routes &gt; DELETE /api/rss/feeds/:id &gt; should delete a feed" time="0.016048359">
        </testcase>
        <testcase classname="server/__tests__/rss-routes.test.ts" name="RSS Routes &gt; DELETE /api/rss/feeds/:id &gt; should return 404 if feed not found" time="0.025645681">
        </testcase>
        <testcase classname="server/__tests__/rss-routes.test.ts" name="RSS Routes &gt; POST /api/rss/refresh &gt; should trigger refresh of all feeds" time="0.015499873">
        </testcase>
    </testsuite>
    <testsuite name="server/__tests__/rss.test.ts" timestamp="2026-04-15T11:40:51.347Z" hostname="devbox" tests="4" failures="0" errors="0" skipped="0" time="0.046168151">
        <testcase classname="server/__tests__/rss.test.ts" name="RssService &gt; should refresh feeds and store new items" time="0.027175552">
        </testcase>
        <testcase classname="server/__tests__/rss.test.ts" name="RssService &gt; should handle parsing errors gracefully" time="0.001213741">
        </testcase>
        <testcase classname="server/__tests__/rss.test.ts" name="RssService &gt; should respect custom mappings" time="0.000857606">
        </testcase>
        <testcase classname="server/__tests__/rss.test.ts" name="RssService &gt; should use cache for IGDB lookups" time="0.013509742">
        </testcase>
    </testsuite>
    <testsuite name="server/__tests__/search.test.ts" timestamp="2026-04-15T11:40:51.349Z" hostname="devbox" tests="10" failures="0" errors="0" skipped="0" time="0.026758297">
        <testcase classname="server/__tests__/search.test.ts" name="Search Module - searchAllIndexers &gt; should return empty results when no indexers are configured" time="0.005827759">
        </testcase>
        <testcase classname="server/__tests__/search.test.ts" name="Search Module - searchAllIndexers &gt; should search torznab indexers and return formatted results" time="0.00636131">
        </testcase>
        <testcase classname="server/__tests__/search.test.ts" name="Search Module - searchAllIndexers &gt; should search newznab indexers and return formatted results" time="0.001038088">
        </testcase>
        <testcase classname="server/__tests__/search.test.ts" name="Search Module - searchAllIndexers &gt; should combine results from both torznab and newznab indexers" time="0.002364565">
        </testcase>
        <testcase classname="server/__tests__/search.test.ts" name="Search Module - searchAllIndexers &gt; should sort results by date (newest first)" time="0.000776546">
        </testcase>
        <testcase classname="server/__tests__/search.test.ts" name="Search Module - searchAllIndexers &gt; should aggregate errors from indexers" time="0.00106191">
        </testcase>
        <testcase classname="server/__tests__/search.test.ts" name="Search Module - searchAllIndexers &gt; should construct comments URL when not provided by indexer" time="0.000682176">
        </testcase>
        <testcase classname="server/__tests__/search.test.ts" name="Search Module - searchAllIndexers &gt; should handle limit and offset parameters" time="0.00406639">
        </testcase>
        <testcase classname="server/__tests__/search.test.ts" name="Search Module - searchAllIndexers &gt; should use default limit of 50 when not specified" time="0.00078449">
        </testcase>
        <testcase classname="server/__tests__/search.test.ts" name="Search Module - searchAllIndexers &gt; should extract release group from title for torznab items" time="0.000565452">
        </testcase>
    </testsuite>
    <testsuite name="server/__tests__/search_utils.test.ts" timestamp="2026-04-15T11:40:51.356Z" hostname="devbox" tests="6" failures="0" errors="0" skipped="0" time="0.008370588">
        <testcase classname="server/__tests__/search_utils.test.ts" name="parseCategories &gt; should return undefined for null/undefined input" time="0.002896443">
        </testcase>
        <testcase classname="server/__tests__/search_utils.test.ts" name="parseCategories &gt; should parse single string" time="0.001294135">
        </testcase>
        <testcase classname="server/__tests__/search_utils.test.ts" name="parseCategories &gt; should parse comma-separated string" time="0.000339938">
        </testcase>
        <testcase classname="server/__tests__/search_utils.test.ts" name="parseCategories &gt; should parse array of strings" time="0.000375677">
        </testcase>
        <testcase classname="server/__tests__/search_utils.test.ts" name="parseCategories &gt; should handle mixed array inputs (if express parser produces them)" time="0.000280241">
        </testcase>
        <testcase classname="server/__tests__/search_utils.test.ts" name="parseCategories &gt; should filter empty strings" time="0.000269572">
        </testcase>
    </testsuite>
    <testsuite name="server/__tests__/security.test.ts" timestamp="2026-04-15T11:40:51.359Z" hostname="devbox" tests="4" failures="0" errors="0" skipped="0" time="0.079240241">
        <testcase classname="server/__tests__/security.test.ts" name="Security Headers &gt; should set permissive CSP in development (non-production)" time="0.056515106">
        </testcase>
        <testcase classname="server/__tests__/security.test.ts" name="Security Headers &gt; should set strict CSP in production" time="0.008377176">
        </testcase>
        <testcase classname="server/__tests__/security.test.ts" name="Security Headers &gt; should set X-Frame-Options header" time="0.006069204">
        </testcase>
        <testcase classname="server/__tests__/security.test.ts" name="Security Headers &gt; should set X-Content-Type-Options header" time="0.005401433">
        </testcase>
    </testsuite>
    <testsuite name="server/__tests__/ssl.test.ts" timestamp="2026-04-15T11:40:51.362Z" hostname="devbox" tests="5" failures="0" errors="0" skipped="0" time="0.021641793">
        <testcase classname="server/__tests__/ssl.test.ts" name="SSL Module &gt; generateSelfSignedCert &gt; should generate and save certificate and key files" time="0.012438806">
            <system-out>
Mock mkdir called [ [32m&apos;/app/data/ssl&apos;[39m, { recursive: [33mtrue[39m } ]

Generating 2048-bit key-pair...
Mock writeFile called [ [32m&apos;/app/data/ssl/server.key&apos;[39m, [32m&apos;PEM_KEY&apos;[39m ]

Mock writeFile called [ [32m&apos;/app/data/ssl/server.crt&apos;[39m, [32m&apos;PEM_CERT&apos;[39m ]

            </system-out>
        </testcase>
        <testcase classname="server/__tests__/ssl.test.ts" name="SSL Module &gt; validateCertFiles &gt; should return valid: true for valid matching files" time="0.002223276">
        </testcase>
        <testcase classname="server/__tests__/ssl.test.ts" name="SSL Module &gt; validateCertFiles &gt; should return valid: false if certificate is expired" time="0.001225203">
        </testcase>
        <testcase classname="server/__tests__/ssl.test.ts" name="SSL Module &gt; getCertInfo &gt; should parse certificate info correctly" time="0.001263817">
        </testcase>
        <testcase classname="server/__tests__/ssl.test.ts" name="SSL Module &gt; getCertInfo &gt; should detect self-signed certificate" time="0.000923756">
        </testcase>
    </testsuite>
    <testsuite name="server/__tests__/ssrf.test.ts" timestamp="2026-04-15T11:40:51.367Z" hostname="devbox" tests="11" failures="0" errors="0" skipped="0" time="0.033434213">
        <testcase classname="server/__tests__/ssrf.test.ts" name="isSafeUrl Security Check &gt; should allow private IPs by default (self-hosted use case)" time="0.012587665">
        </testcase>
        <testcase classname="server/__tests__/ssrf.test.ts" name="isSafeUrl Security Check &gt; should block private IPs when allowPrivate is false" time="0.000870215">
        </testcase>
        <testcase classname="server/__tests__/ssrf.test.ts" name="isSafeUrl Security Check &gt; should block IPv4 metadata service" time="0.000390524">
        </testcase>
        <testcase classname="server/__tests__/ssrf.test.ts" name="isSafeUrl Security Check &gt; should block IPv6 metadata service" time="0.00031778">
        </testcase>
        <testcase classname="server/__tests__/ssrf.test.ts" name="isSafeUrl Security Check &gt; should block IPv4-mapped IPv6 metadata service" time="0.000402206">
        </testcase>
        <testcase classname="server/__tests__/ssrf.test.ts" name="isSafeUrl Security Check &gt; should handle DNS lookup failure gracefully" time="0.000526014">
        </testcase>
        <testcase classname="server/__tests__/ssrf.test.ts" name="safeFetch &gt; should use original hostname for HTTPS (SSL certificate compatibility)" time="0.007613808">
        </testcase>
        <testcase classname="server/__tests__/ssrf.test.ts" name="safeFetch &gt; should rewrite HTTP URLs to use resolved IP for DNS rebinding protection" time="0.002790951">
        </testcase>
        <testcase classname="server/__tests__/ssrf.test.ts" name="safeFetch &gt; should reject URLs that resolve to metadata service IPs" time="0.002997776">
        </testcase>
        <testcase classname="server/__tests__/ssrf.test.ts" name="safeFetch &gt; should reject URLs that fail DNS resolution" time="0.000866958">
        </testcase>
        <testcase classname="server/__tests__/ssrf.test.ts" name="safeFetch &gt; should allow private IPs by default for HTTPS" time="0.000781574">
        </testcase>
    </testsuite>
    <testsuite name="server/__tests__/ssrf_routes.test.ts" timestamp="2026-04-15T11:40:51.373Z" hostname="devbox" tests="2" failures="0" errors="0" skipped="0" time="0.081534107">
        <testcase classname="server/__tests__/ssrf_routes.test.ts" name="SSRF Vulnerability in Routes &gt; should allow unsafe URL in /api/indexers/prowlarr/sync (VULNERABILITY)" time="0.067609133">
        </testcase>
        <testcase classname="server/__tests__/ssrf_routes.test.ts" name="SSRF Vulnerability in Routes &gt; should block unsafe URL in /api/indexers/test" time="0.010830462">
        </testcase>
    </testsuite>
    <testsuite name="server/__tests__/storage.test.ts" timestamp="2026-04-15T11:40:51.375Z" hostname="devbox" tests="11" failures="0" errors="0" skipped="0" time="0.014763755">
        <testcase classname="server/__tests__/storage.test.ts" name="MemStorage &gt; User Management &gt; should create and retrieve a user" time="0.005242837">
        </testcase>
        <testcase classname="server/__tests__/storage.test.ts" name="MemStorage &gt; User Management &gt; should return undefined for non-existent user" time="0.000462983">
        </testcase>
        <testcase classname="server/__tests__/storage.test.ts" name="MemStorage &gt; Game Management &gt; should add and retrieve games" time="0.000660942">
        </testcase>
        <testcase classname="server/__tests__/storage.test.ts" name="MemStorage &gt; Game Management &gt; should preserve status when explicitly set to &quot;owned&quot;" time="0.000340381">
        </testcase>
        <testcase classname="server/__tests__/storage.test.ts" name="MemStorage &gt; Game Management &gt; should update game status" time="0.000428047">
        </testcase>
        <testcase classname="server/__tests__/storage.test.ts" name="MemStorage &gt; Game Management &gt; should remove a game" time="0.000402763">
        </testcase>
        <testcase classname="server/__tests__/storage.test.ts" name="MemStorage &gt; Game Management &gt; should return null/false when updating/removing non-existent game" time="0.000268222">
        </testcase>
        <testcase classname="server/__tests__/storage.test.ts" name="MemStorage &gt; Indexer Management &gt; should create, retreive and sync indexers" time="0.002129794">
        </testcase>
        <testcase classname="server/__tests__/storage.test.ts" name="MemStorage &gt; Downloader Management &gt; should CRUD downloaders" time="0.001016672">
        </testcase>
        <testcase classname="server/__tests__/storage.test.ts" name="MemStorage &gt; System Config &gt; should set and get system config" time="0.000353247">
        </testcase>
        <testcase classname="server/__tests__/storage.test.ts" name="MemStorage &gt; System Config &gt; should return undefined for missing config" time="0.000213705">
        </testcase>
    </testsuite>
    <testsuite name="server/__tests__/syncIndexers.test.ts" timestamp="2026-04-15T11:40:51.380Z" hostname="devbox" tests="3" failures="0" errors="0" skipped="0" time="0.010392723">
        <testcase classname="server/__tests__/syncIndexers.test.ts" name="DatabaseStorage - syncIndexers &gt; should add new indexers" time="0.005894951">
        </testcase>
        <testcase classname="server/__tests__/syncIndexers.test.ts" name="DatabaseStorage - syncIndexers &gt; should update existing indexers" time="0.001137672">
        </testcase>
        <testcase classname="server/__tests__/syncIndexers.test.ts" name="DatabaseStorage - syncIndexers &gt; should fail validation for missing fields" time="0.000888414">
        </testcase>
    </testsuite>
    <testsuite name="server/__tests__/transmission_features.test.ts" timestamp="2026-04-15T11:40:51.382Z" hostname="devbox" tests="3" failures="0" errors="0" skipped="0" time="0.012883504">
        <testcase classname="server/__tests__/transmission_features.test.ts" name="TransmissionClient - Advanced Features &gt; should handle session ID conflict (409) and retry" time="0.008207942">
        </testcase>
        <testcase classname="server/__tests__/transmission_features.test.ts" name="TransmissionClient - Advanced Features &gt; should handle authentication failure (401)" time="0.001012652">
        </testcase>
        <testcase classname="server/__tests__/transmission_features.test.ts" name="TransmissionClient - Advanced Features &gt; should download file server-side and upload metainfo" time="0.000998995">
        </testcase>
    </testsuite>
    <testsuite name="server/__tests__/usenet_integration.test.ts" timestamp="2026-04-15T11:40:51.384Z" hostname="devbox" tests="4" failures="0" errors="0" skipped="0" time="0.095537533">
        <testcase classname="server/__tests__/usenet_integration.test.ts" name="Usenet Integration &gt; Aggregated Search &gt; should call both Torznab and Newznab clients and merge results" time="0.019408061">
        </testcase>
        <testcase classname="server/__tests__/usenet_integration.test.ts" name="Usenet Integration &gt; DownloaderManager Fallback Filtering &gt; should only attempt Usenet downloaders for usenet type" time="0.062539546">
        </testcase>
        <testcase classname="server/__tests__/usenet_integration.test.ts" name="Usenet Integration &gt; DownloaderManager Fallback Filtering &gt; should only attempt downloaders for download type" time="0.005205404">
        </testcase>
        <testcase classname="server/__tests__/usenet_integration.test.ts" name="Usenet Integration &gt; Search Item Mapping &gt; should correctly identify Usenet items in search results" time="0.005643493">
        </testcase>
    </testsuite>
    <testsuite name="server/__tests__/xrel.test.ts" timestamp="2026-04-15T11:40:51.387Z" hostname="devbox" tests="11" failures="0" errors="0" skipped="0" time="0.051035938">
        <testcase classname="server/__tests__/xrel.test.ts" name="xREL Client &gt; searchReleases &gt; should fetch and parse scene releases correctly" time="0.03003905">
        </testcase>
        <testcase classname="server/__tests__/xrel.test.ts" name="xREL Client &gt; searchReleases &gt; should fetch and parse p2p releases correctly when requested" time="0.004932331">
        </testcase>
        <testcase classname="server/__tests__/xrel.test.ts" name="xREL Client &gt; searchReleases &gt; should handle API errors gracefully" time="0.003009097">
        </testcase>
        <testcase classname="server/__tests__/xrel.test.ts" name="xREL Client &gt; searchReleases &gt; should handle rate limiting errors" time="0.00100188">
        </testcase>
        <testcase classname="server/__tests__/xrel.test.ts" name="xREL Client &gt; searchReleases &gt; should respect rate limit intervals" time="0.003479454">
        </testcase>
        <testcase classname="server/__tests__/xrel.test.ts" name="xREL Client &gt; getLatestReleases &gt; should return latest game releases" time="0.001651596">
        </testcase>
        <testcase classname="server/__tests__/xrel.test.ts" name="xREL Client &gt; titleMatches &gt; should match identical titles" time="0.001032958">
        </testcase>
        <testcase classname="server/__tests__/xrel.test.ts" name="xREL Client &gt; titleMatches &gt; should match case-insensitive" time="0.000580971">
        </testcase>
        <testcase classname="server/__tests__/xrel.test.ts" name="xREL Client &gt; titleMatches &gt; should match loose inclusion" time="0.000945497">
        </testcase>
        <testcase classname="server/__tests__/xrel.test.ts" name="xREL Client &gt; titleMatches &gt; should not match unrelated titles" time="0.000702565">
        </testcase>
        <testcase classname="server/__tests__/xrel.test.ts" name="xREL Client &gt; titleMatches &gt; should normalize whitespace" time="0.000687169">
        </testcase>
    </testsuite>
    <testsuite name="client/src/__tests__/SetupPage.test.tsx" timestamp="2026-04-15T11:40:51.393Z" hostname="devbox" tests="2" failures="0" errors="0" skipped="0" time="1.195402292">
        <testcase classname="client/src/__tests__/SetupPage.test.tsx" name="SetupPage &gt; submits form successfully without IGDB fields when IGDB is already configured" time="0.730735606">
        </testcase>
        <testcase classname="client/src/__tests__/SetupPage.test.tsx" name="SetupPage &gt; requires IGDB fields when IGDB is NOT configured" time="0.45896827">
            <system-err>
Warning: An update to SetupPage inside a test was not wrapped in act(...).

When testing, code that causes React state updates should be wrapped into act(...):

act(() =&gt; {
  /* fire events that update state */
});
/* assert on the output */

This ensures that you&apos;re testing the behavior the user would see in the browser. Learn more at https://reactjs.org/link/wrap-tests-with-act
    at SetupPage (/app/client/src/pages/auth/setup.tsx:40:89)
    at QueryClientProvider (file:///app/node_modules/@tanstack/react-query/build/modern/QueryClientProvider.js:20:3)

            </system-err>
        </testcase>
    </testsuite>
</testsuites>
