<?xml version="1.0" encoding="UTF-8" ?>
<testsuites name="vitest tests" tests="340" failures="0" errors="0" time="12.278920688">
    <testsuite name="client/__tests__/CompactGameCard.test.tsx" timestamp="2026-02-18T11:59:47.304Z" hostname="devbox" tests="4" failures="0" errors="0" skipped="0" time="0.555739701">
        <testcase classname="client/__tests__/CompactGameCard.test.tsx" name="CompactGameCard &gt; renders game title and metadata correctly" time="0.090599788">
        </testcase>
        <testcase classname="client/__tests__/CompactGameCard.test.tsx" name="CompactGameCard &gt; renders &apos;No genres&apos; when genres is empty or undefined" time="0.017912211">
        </testcase>
        <testcase classname="client/__tests__/CompactGameCard.test.tsx" name="CompactGameCard &gt; calls onStatusChange when status button is clicked" time="0.026320055">
        </testcase>
        <testcase classname="client/__tests__/CompactGameCard.test.tsx" name="CompactGameCard &gt; calls onViewDetails when info button is clicked" time="0.417901036">
        </testcase>
    </testsuite>
    <testsuite name="client/__tests__/DashboardConfig.test.tsx" timestamp="2026-02-18T11:59:47.307Z" hostname="devbox" tests="2" failures="0" errors="0" skipped="0" time="0.548098471">
        <testcase classname="client/__tests__/DashboardConfig.test.tsx" name="Dashboard Configuration &gt; should persist grid column preference to local storage" time="0.520664584">
        </testcase>
        <testcase classname="client/__tests__/DashboardConfig.test.tsx" name="Dashboard Configuration &gt; should load grid column preference from local storage on mount" time="0.024399571">
        </testcase>
    </testsuite>
    <testsuite name="client/__tests__/GameDetailsModal.test.tsx" timestamp="2026-02-18T11:59:47.308Z" hostname="devbox" tests="6" failures="0" errors="0" skipped="0" time="1.183203784">
        <testcase classname="client/__tests__/GameDetailsModal.test.tsx" name="GameDetailsModal &gt; renders game details correctly" time="0.475276917">
        </testcase>
        <testcase classname="client/__tests__/GameDetailsModal.test.tsx" name="GameDetailsModal &gt; renders genres and platforms" time="0.133972379">
        </testcase>
        <testcase classname="client/__tests__/GameDetailsModal.test.tsx" name="GameDetailsModal &gt; renders screenshots" time="0.177834218">
        </testcase>
        <testcase classname="client/__tests__/GameDetailsModal.test.tsx" name="GameDetailsModal &gt; opens download dialog when download button is clicked" time="0.1324268">
        </testcase>
        <testcase classname="client/__tests__/GameDetailsModal.test.tsx" name="GameDetailsModal &gt; handles remove game action" time="0.155514797">
        </testcase>
        <testcase classname="client/__tests__/GameDetailsModal.test.tsx" name="GameDetailsModal &gt; truncates long summary and expands it" time="0.105210979">
        </testcase>
    </testsuite>
    <testsuite name="client/__tests__/GameDownloadDialog.test.tsx" timestamp="2026-02-18T11:59:47.311Z" hostname="devbox" tests="5" failures="0" errors="0" skipped="0" time="1.578296836">
        <testcase classname="client/__tests__/GameDownloadDialog.test.tsx" name="GameDownloadDialog &gt; renders search results correctly" time="0.638651429">
        </testcase>
        <testcase classname="client/__tests__/GameDownloadDialog.test.tsx" name="GameDownloadDialog &gt; identifies Usenet vs Torrent items" time="0.187388461">
        </testcase>
        <testcase classname="client/__tests__/GameDownloadDialog.test.tsx" name="GameDownloadDialog &gt; filters search results by indexer" time="0.34065925">
        </testcase>
        <testcase classname="client/__tests__/GameDownloadDialog.test.tsx" name="GameDownloadDialog &gt; sorts results" time="0.180419526">
        </testcase>
        <testcase classname="client/__tests__/GameDownloadDialog.test.tsx" name="GameDownloadDialog &gt; shows a loading spinner on the download button when clicked" time="0.22646111">
        </testcase>
    </testsuite>
    <testsuite name="client/__tests__/SearchBar.test.tsx" timestamp="2026-02-18T11:59:47.314Z" hostname="devbox" tests="1" failures="0" errors="0" skipped="0" time="0.070336826">
        <testcase classname="client/__tests__/SearchBar.test.tsx" name="SearchBar &gt; should have accessible icon buttons with aria-labels" time="0.067418665">
        </testcase>
    </testsuite>
    <testsuite name="client/__tests__/downloads-utils.test.ts" timestamp="2026-02-18T11:59:47.315Z" hostname="devbox" tests="86" failures="0" errors="0" skipped="0" time="0.025544464">
        <testcase classname="client/__tests__/downloads-utils.test.ts" name="formatBytes &gt; should return &quot;0 B&quot; for 0 bytes" time="0.001890454">
        </testcase>
        <testcase classname="client/__tests__/downloads-utils.test.ts" name="formatBytes &gt; should format bytes correctly" time="0.000245642">
        </testcase>
        <testcase classname="client/__tests__/downloads-utils.test.ts" name="formatBytes &gt; should format kilobytes correctly" time="0.000295117">
        </testcase>
        <testcase classname="client/__tests__/downloads-utils.test.ts" name="formatBytes &gt; should format megabytes correctly" time="0.000189084">
        </testcase>
        <testcase classname="client/__tests__/downloads-utils.test.ts" name="formatBytes &gt; should format gigabytes correctly" time="0.000174763">
        </testcase>
        <testcase classname="client/__tests__/downloads-utils.test.ts" name="formatBytes &gt; should format terabytes correctly" time="0.000162188">
        </testcase>
        <testcase classname="client/__tests__/downloads-utils.test.ts" name="formatSpeed &gt; should format speed as bytes per second with /s suffix" time="0.000279157">
        </testcase>
        <testcase classname="client/__tests__/downloads-utils.test.ts" name="formatETA &gt; should return &quot;∞&quot; for 0 or negative seconds" time="0.000320346">
        </testcase>
        <testcase classname="client/__tests__/downloads-utils.test.ts" name="formatETA &gt; should format minutes correctly" time="0.000254305">
        </testcase>
        <testcase classname="client/__tests__/downloads-utils.test.ts" name="formatETA &gt; should format hours and minutes correctly" time="0.000238164">
        </testcase>
        <testcase classname="client/__tests__/downloads-utils.test.ts" name="getStatusColor &gt; should return correct color for downloading status" time="0.000241977">
        </testcase>
        <testcase classname="client/__tests__/downloads-utils.test.ts" name="getStatusColor &gt; should return correct color for seeding status" time="0.000150163">
        </testcase>
        <testcase classname="client/__tests__/downloads-utils.test.ts" name="getStatusColor &gt; should return correct color for completed status" time="0.000140595">
        </testcase>
        <testcase classname="client/__tests__/downloads-utils.test.ts" name="getStatusColor &gt; should return correct color for paused status" time="0.000125341">
        </testcase>
        <testcase classname="client/__tests__/downloads-utils.test.ts" name="getStatusColor &gt; should return correct color for error status" time="0.000120282">
        </testcase>
        <testcase classname="client/__tests__/downloads-utils.test.ts" name="getStatusColor &gt; should return gray for unknown status" time="0.000120721">
        </testcase>
        <testcase classname="client/__tests__/downloads-utils.test.ts" name="getStatusBadgeVariant &gt; should return &quot;default&quot; for downloading status" time="0.000232153">
        </testcase>
        <testcase classname="client/__tests__/downloads-utils.test.ts" name="getStatusBadgeVariant &gt; should return &quot;default&quot; for seeding status" time="0.000130716">
        </testcase>
        <testcase classname="client/__tests__/downloads-utils.test.ts" name="getStatusBadgeVariant &gt; should return &quot;outline&quot; for completed status" time="0.000198156">
        </testcase>
        <testcase classname="client/__tests__/downloads-utils.test.ts" name="getStatusBadgeVariant &gt; should return &quot;secondary&quot; for paused status" time="0.000139564">
        </testcase>
        <testcase classname="client/__tests__/downloads-utils.test.ts" name="getStatusBadgeVariant &gt; should return &quot;destructive&quot; for error status" time="0.000121193">
        </testcase>
        <testcase classname="client/__tests__/downloads-utils.test.ts" name="getStatusBadgeVariant &gt; should return &quot;outline&quot; for unknown status" time="0.000118322">
        </testcase>
        <testcase classname="client/__tests__/downloads-utils.test.ts" name="filterDownloadsByStatus &gt; should return all downloads when filter is &quot;all&quot;" time="0.002111548">
        </testcase>
        <testcase classname="client/__tests__/downloads-utils.test.ts" name="filterDownloadsByStatus &gt; should filter downloads by &quot;downloading&quot; status" time="0.000385477">
        </testcase>
        <testcase classname="client/__tests__/downloads-utils.test.ts" name="filterDownloadsByStatus &gt; should filter downloads by &quot;seeding&quot; status" time="0.000308539">
        </testcase>
        <testcase classname="client/__tests__/downloads-utils.test.ts" name="filterDownloadsByStatus &gt; should filter downloads by &quot;completed&quot; status" time="0.000355221">
        </testcase>
        <testcase classname="client/__tests__/downloads-utils.test.ts" name="filterDownloadsByStatus &gt; should filter downloads by &quot;paused&quot; status" time="0.000398527">
        </testcase>
        <testcase classname="client/__tests__/downloads-utils.test.ts" name="filterDownloadsByStatus &gt; should filter downloads by &quot;error&quot; status" time="0.000297707">
        </testcase>
        <testcase classname="client/__tests__/downloads-utils.test.ts" name="filterDownloadsByStatus &gt; should return empty array when no downloads match the filter" time="0.000399031">
        </testcase>
        <testcase classname="client/__tests__/downloads-utils.test.ts" name="filterDownloadsByStatus &gt; should handle empty downloads array" time="0.000245735">
        </testcase>
        <testcase classname="client/__tests__/downloads-utils.test.ts" name="shouldShowSpeedBadge &gt; should return true when speed is defined and greater than 0" time="0.000243479">
        </testcase>
        <testcase classname="client/__tests__/downloads-utils.test.ts" name="shouldShowSpeedBadge &gt; should return false when speed is 0" time="0.000176819">
        </testcase>
        <testcase classname="client/__tests__/downloads-utils.test.ts" name="shouldShowSpeedBadge &gt; should return false when speed is undefined" time="0.000144494">
        </testcase>
        <testcase classname="client/__tests__/downloads-utils.test.ts" name="shouldShowSpeedBadge &gt; should return false when speed is negative" time="0.000154807">
        </testcase>
        <testcase classname="client/__tests__/downloads-utils.test.ts" name="shouldShowETABadge &gt; should return true when ETA is defined and greater than 0" time="0.000240006">
        </testcase>
        <testcase classname="client/__tests__/downloads-utils.test.ts" name="shouldShowETABadge &gt; should return false when ETA is 0" time="0.00012449">
        </testcase>
        <testcase classname="client/__tests__/downloads-utils.test.ts" name="shouldShowETABadge &gt; should return false when ETA is undefined" time="0.000117952">
        </testcase>
        <testcase classname="client/__tests__/downloads-utils.test.ts" name="shouldShowETABadge &gt; should return false when ETA is negative (infinity case)" time="0.000181776">
        </testcase>
        <testcase classname="client/__tests__/downloads-utils.test.ts" name="shouldShowRatioBadge &gt; should return true when ratio is defined and &gt;= 0" time="0.000265021">
        </testcase>
        <testcase classname="client/__tests__/downloads-utils.test.ts" name="shouldShowRatioBadge &gt; should return false when ratio is undefined" time="0.000125821">
        </testcase>
        <testcase classname="client/__tests__/downloads-utils.test.ts" name="shouldShowRatioBadge &gt; should return false when ratio is negative" time="0.000150605">
        </testcase>
        <testcase classname="client/__tests__/downloads-utils.test.ts" name="shouldShowSizeBadge &gt; should return true when size is defined and greater than 0" time="0.000259019">
        </testcase>
        <testcase classname="client/__tests__/downloads-utils.test.ts" name="shouldShowSizeBadge &gt; should return false when size is 0" time="0.000136795">
        </testcase>
        <testcase classname="client/__tests__/downloads-utils.test.ts" name="shouldShowSizeBadge &gt; should return false when size is undefined" time="0.00011962">
        </testcase>
        <testcase classname="client/__tests__/downloads-utils.test.ts" name="shouldShowSizeBadge &gt; should return false when size is negative" time="0.000205813">
        </testcase>
        <testcase classname="client/__tests__/downloads-utils.test.ts" name="shouldShowPeersBadge &gt; should return true when seeders is defined (even if 0)" time="0.000229142">
        </testcase>
        <testcase classname="client/__tests__/downloads-utils.test.ts" name="shouldShowPeersBadge &gt; should return false when seeders is undefined" time="0.000126563">
        </testcase>
        <testcase classname="client/__tests__/downloads-utils.test.ts" name="Badge visibility edge cases &gt; should handle download with all data present" time="0.000355944">
        </testcase>
        <testcase classname="client/__tests__/downloads-utils.test.ts" name="Badge visibility edge cases &gt; should handle download with minimal data (no optional fields)" time="0.000306993">
        </testcase>
        <testcase classname="client/__tests__/downloads-utils.test.ts" name="Badge visibility edge cases &gt; should handle completed download with ratio but no speeds" time="0.000259213">
        </testcase>
        <testcase classname="client/__tests__/downloads-utils.test.ts" name="Usenet Utility Functions &gt; getDownloadTypeColor &gt; should return correct color for usenet" time="0.000336846">
        </testcase>
        <testcase classname="client/__tests__/downloads-utils.test.ts" name="Usenet Utility Functions &gt; getDownloadTypeColor &gt; should return correct color for torrent" time="0.00015007">
        </testcase>
        <testcase classname="client/__tests__/downloads-utils.test.ts" name="Usenet Utility Functions &gt; getDownloadTypeColor &gt; should return default color (torrent) when undefined" time="0.000129643">
        </testcase>
        <testcase classname="client/__tests__/downloads-utils.test.ts" name="Usenet Utility Functions &gt; getDownloadTypeBadgeVariant &gt; should return secondary for usenet" time="0.000171794">
        </testcase>
        <testcase classname="client/__tests__/downloads-utils.test.ts" name="Usenet Utility Functions &gt; getDownloadTypeBadgeVariant &gt; should return default for torrent" time="0.000186625">
        </testcase>
        <testcase classname="client/__tests__/downloads-utils.test.ts" name="Usenet Utility Functions &gt; getDownloadTypeBadgeVariant &gt; should return default when undefined" time="0.000128098">
        </testcase>
        <testcase classname="client/__tests__/downloads-utils.test.ts" name="Usenet Utility Functions &gt; getDownloadTypeTextExColor &gt; should return amber text for usenet" time="0.000178283">
        </testcase>
        <testcase classname="client/__tests__/downloads-utils.test.ts" name="Usenet Utility Functions &gt; getDownloadTypeTextExColor &gt; should return violet text for torrent" time="0.000125258">
        </testcase>
        <testcase classname="client/__tests__/downloads-utils.test.ts" name="Usenet Utility Functions &gt; getDownloadTypeTextExColor &gt; should return violet text when undefined" time="0.000121721">
        </testcase>
        <testcase classname="client/__tests__/downloads-utils.test.ts" name="Usenet Utility Functions &gt; formatDownloadType &gt; should return Usenet for usenet type" time="0.000162082">
        </testcase>
        <testcase classname="client/__tests__/downloads-utils.test.ts" name="Usenet Utility Functions &gt; formatDownloadType &gt; should return Torrent for torrent type" time="0.000150844">
        </testcase>
        <testcase classname="client/__tests__/downloads-utils.test.ts" name="Usenet Utility Functions &gt; formatDownloadType &gt; should return Torrent when undefined" time="0.000124806">
        </testcase>
        <testcase classname="client/__tests__/downloads-utils.test.ts" name="Usenet Utility Functions &gt; shouldShowTorrentMetrics &gt; should return true for torrent type" time="0.000258135">
        </testcase>
        <testcase classname="client/__tests__/downloads-utils.test.ts" name="Usenet Utility Functions &gt; shouldShowTorrentMetrics &gt; should return true when type is undefined (backward compatibility)" time="0.000137822">
        </testcase>
        <testcase classname="client/__tests__/downloads-utils.test.ts" name="Usenet Utility Functions &gt; shouldShowTorrentMetrics &gt; should return false for usenet type" time="0.000130707">
        </testcase>
        <testcase classname="client/__tests__/downloads-utils.test.ts" name="Usenet Utility Functions &gt; shouldShowUsenetMetrics &gt; should return true for usenet type" time="0.000248475">
        </testcase>
        <testcase classname="client/__tests__/downloads-utils.test.ts" name="Usenet Utility Functions &gt; shouldShowUsenetMetrics &gt; should return false for torrent type" time="0.00013743">
        </testcase>
        <testcase classname="client/__tests__/downloads-utils.test.ts" name="Usenet Utility Functions &gt; shouldShowRepairStatus &gt; should return true for usenet with repair status" time="0.000194484">
        </testcase>
        <testcase classname="client/__tests__/downloads-utils.test.ts" name="Usenet Utility Functions &gt; shouldShowRepairStatus &gt; should return false if not usenet" time="0.000134429">
        </testcase>
        <testcase classname="client/__tests__/downloads-utils.test.ts" name="Usenet Utility Functions &gt; shouldShowRepairStatus &gt; should return false if repair status is undefined" time="0.000133435">
        </testcase>
        <testcase classname="client/__tests__/downloads-utils.test.ts" name="Usenet Utility Functions &gt; shouldShowUnpackStatus &gt; should return true for usenet with unpack status" time="0.000229925">
        </testcase>
        <testcase classname="client/__tests__/downloads-utils.test.ts" name="Usenet Utility Functions &gt; shouldShowUnpackStatus &gt; should return false if not usenet" time="0.000140067">
        </testcase>
        <testcase classname="client/__tests__/downloads-utils.test.ts" name="Usenet Utility Functions &gt; shouldShowUnpackStatus &gt; should return false if unpack status is undefined" time="0.000153603">
        </testcase>
        <testcase classname="client/__tests__/downloads-utils.test.ts" name="Usenet Utility Functions &gt; getRepairStatusBadgeVariant &gt; should return correct variants" time="0.000261905">
        </testcase>
        <testcase classname="client/__tests__/downloads-utils.test.ts" name="Usenet Utility Functions &gt; getUnpackStatusBadgeVariant &gt; should return correct variants" time="0.000325091">
        </testcase>
        <testcase classname="client/__tests__/downloads-utils.test.ts" name="Usenet Utility Functions &gt; formatRepairStatus &gt; should format correctly" time="0.000350285">
        </testcase>
        <testcase classname="client/__tests__/downloads-utils.test.ts" name="Usenet Utility Functions &gt; formatUnpackStatus &gt; should format correctly" time="0.000279662">
        </testcase>
        <testcase classname="client/__tests__/downloads-utils.test.ts" name="Usenet Utility Functions &gt; formatAge &gt; should handle undefined" time="0.000239329">
        </testcase>
        <testcase classname="client/__tests__/downloads-utils.test.ts" name="Usenet Utility Functions &gt; formatAge &gt; should handle 0 days" time="0.000137674">
        </testcase>
        <testcase classname="client/__tests__/downloads-utils.test.ts" name="Usenet Utility Functions &gt; formatAge &gt; should handle partial days" time="0.000232047">
        </testcase>
        <testcase classname="client/__tests__/downloads-utils.test.ts" name="Usenet Utility Functions &gt; formatAge &gt; should handle 1 day" time="0.000133456">
        </testcase>
        <testcase classname="client/__tests__/downloads-utils.test.ts" name="Usenet Utility Functions &gt; formatAge &gt; should handle multiple days" time="0.000185878">
        </testcase>
        <testcase classname="client/__tests__/downloads-utils.test.ts" name="Usenet Utility Functions &gt; isUsenetItem &gt; should identify usenet item by grabs" time="0.000252102">
        </testcase>
        <testcase classname="client/__tests__/downloads-utils.test.ts" name="Usenet Utility Functions &gt; isUsenetItem &gt; should identify usenet item by age" time="0.000140821">
        </testcase>
        <testcase classname="client/__tests__/downloads-utils.test.ts" name="Usenet Utility Functions &gt; isUsenetItem &gt; should return false if seeders are present (torrent)" time="0.000155141">
        </testcase>
        <testcase classname="client/__tests__/downloads-utils.test.ts" name="Usenet Utility Functions &gt; isUsenetItem &gt; should return false if no identifying fields" time="0.000126669">
        </testcase>
    </testsuite>
    <testsuite name="client/__tests__/usenet-utils.test.ts" timestamp="2026-02-18T11:59:47.345Z" hostname="devbox" tests="3" failures="0" errors="0" skipped="0" time="0.00460898">
        <testcase classname="client/__tests__/usenet-utils.test.ts" name="isUsenetItem &gt; should return true for items with grabs or age" time="0.001981376">
        </testcase>
        <testcase classname="client/__tests__/usenet-utils.test.ts" name="isUsenetItem &gt; should return false for items with seeders" time="0.000264969">
        </testcase>
        <testcase classname="client/__tests__/usenet-utils.test.ts" name="isUsenetItem &gt; should return false for empty items (default to torrent)" time="0.000159463">
        </testcase>
    </testsuite>
    <testsuite name="client/__tests__/versionService.test.ts" timestamp="2026-02-18T11:59:47.347Z" hostname="devbox" tests="5" failures="0" errors="0" skipped="0" time="0.009910219">
        <testcase classname="client/__tests__/versionService.test.ts" name="Version Service &gt; fetchLatestQuestarrVersion &gt; should fetch and return the latest version from GitHub" time="0.004715795">
        </testcase>
        <testcase classname="client/__tests__/versionService.test.ts" name="Version Service &gt; fetchLatestQuestarrVersion &gt; should return null when fetch fails with non-ok response" time="0.0003979">
        </testcase>
        <testcase classname="client/__tests__/versionService.test.ts" name="Version Service &gt; fetchLatestQuestarrVersion &gt; should return null when version is missing from response" time="0.00030411">
        </testcase>
        <testcase classname="client/__tests__/versionService.test.ts" name="Version Service &gt; fetchLatestQuestarrVersion &gt; should return null and log error when fetch throws" time="0.001525756">
        </testcase>
        <testcase classname="client/__tests__/versionService.test.ts" name="Version Service &gt; fetchLatestQuestarrVersion &gt; should return null when JSON parsing fails" time="0.00062146">
        </testcase>
    </testsuite>
    <testsuite name="server/__tests__/api_routes.test.ts" timestamp="2026-02-18T11:59:47.349Z" hostname="devbox" tests="11" failures="0" errors="0" skipped="0" time="0.202896895">
        <testcase classname="server/__tests__/api_routes.test.ts" name="API Routes &gt; GET /api/games &gt; should return user games" time="0.056857581">
        </testcase>
        <testcase classname="server/__tests__/api_routes.test.ts" name="API Routes &gt; GET /api/games &gt; should handle search query" time="0.010757386">
        </testcase>
        <testcase classname="server/__tests__/api_routes.test.ts" name="API Routes &gt; POST /api/games &gt; should add a new game" time="0.04857332">
        </testcase>
        <testcase classname="server/__tests__/api_routes.test.ts" name="API Routes &gt; POST /api/games &gt; should prevent duplicate games" time="0.021755255">
        </testcase>
        <testcase classname="server/__tests__/api_routes.test.ts" name="API Routes &gt; GET /api/igdb/search &gt; should return search results" time="0.014771268">
        </testcase>
        <testcase classname="server/__tests__/api_routes.test.ts" name="API Routes &gt; GET /api/igdb/search &gt; should require query parameter" time="0.010940464">
        </testcase>
        <testcase classname="server/__tests__/api_routes.test.ts" name="API Routes &gt; GET /api/igdb/search &gt; PATCH /api/games/:id/status &gt; should update game status" time="0.012294987">
        </testcase>
        <testcase classname="server/__tests__/api_routes.test.ts" name="API Routes &gt; GET /api/igdb/search &gt; PATCH /api/games/:id/status &gt; should return 404 for non-existent game" time="0.006529867">
        </testcase>
        <testcase classname="server/__tests__/api_routes.test.ts" name="API Routes &gt; PATCH /api/games/:id/hidden &gt; should update hidden status" time="0.006865669">
        </testcase>
        <testcase classname="server/__tests__/api_routes.test.ts" name="API Routes &gt; DELETE /api/games/:id &gt; should remove game" time="0.004920388">
        </testcase>
        <testcase classname="server/__tests__/api_routes.test.ts" name="API Routes &gt; DELETE /api/games/:id &gt; should return 404 if game not found" time="0.00522774">
        </testcase>
    </testsuite>
    <testsuite name="server/__tests__/auth.test.ts" timestamp="2026-02-18T11:59:47.353Z" hostname="devbox" tests="9" failures="0" errors="0" skipped="0" time="1.0845829">
        <testcase classname="server/__tests__/auth.test.ts" name="Auth Module &gt; Password Hashing &gt; should hash a password correctly" time="0.363453129">
        </testcase>
        <testcase classname="server/__tests__/auth.test.ts" name="Auth Module &gt; Password Hashing &gt; should return true for matching password and hash" time="0.358902099">
        </testcase>
        <testcase classname="server/__tests__/auth.test.ts" name="Auth Module &gt; Password Hashing &gt; should return false for non-matching password" time="0.335886731">
        </testcase>
        <testcase classname="server/__tests__/auth.test.ts" name="Auth Module &gt; Token Generation &gt; should generate a valid JWT token" time="0.014820335">
        </testcase>
        <testcase classname="server/__tests__/auth.test.ts" name="Auth Module &gt; Token Authentication Middleware &gt; should return 401 if no authorization header" time="0.00227704">
        </testcase>
        <testcase classname="server/__tests__/auth.test.ts" name="Auth Module &gt; Token Authentication Middleware &gt; should return 401 if token is missing from header" time="0.000758983">
        </testcase>
        <testcase classname="server/__tests__/auth.test.ts" name="Auth Module &gt; Token Authentication Middleware &gt; should return 403 if token is invalid" time="0.001086424">
        </testcase>
        <testcase classname="server/__tests__/auth.test.ts" name="Auth Module &gt; Token Authentication Middleware &gt; should call next() if token is valid and user exists" time="0.002383366">
        </testcase>
        <testcase classname="server/__tests__/auth.test.ts" name="Auth Module &gt; Token Authentication Middleware &gt; should return 401 if user does not exist" time="0.001046253">
        </testcase>
    </testsuite>
    <testsuite name="server/__tests__/config.test.ts" timestamp="2026-02-18T11:59:47.357Z" hostname="devbox" tests="8" failures="0" errors="0" skipped="0" time="0.033704452">
        <testcase classname="server/__tests__/config.test.ts" name="Config Module &gt; when configuration is missing &gt; should use default fallback sqlite DB if paths are missing" time="0.017389279">
        </testcase>
        <testcase classname="server/__tests__/config.test.ts" name="Config Module &gt; when PORT is invalid &gt; should call process.exit(1) for non-numeric PORT" time="0.00653901">
        </testcase>
        <testcase classname="server/__tests__/config.test.ts" name="Config Module &gt; when SQLITE_DB_PATH is set &gt; should export valid config with defaults" time="0.001391443">
        </testcase>
        <testcase classname="server/__tests__/config.test.ts" name="Config Module &gt; when SQLITE_DB_PATH is set &gt; should respect custom PORT and HOST" time="0.001086301">
        </testcase>
        <testcase classname="server/__tests__/config.test.ts" name="Config Module &gt; when SQLITE_DB_PATH is set &gt; should detect IGDB as configured when both credentials are set" time="0.001197004">
        </testcase>
        <testcase classname="server/__tests__/config.test.ts" name="Config Module &gt; when SQLITE_DB_PATH is set &gt; should detect IGDB as not configured when only one credential is set" time="0.001161023">
        </testcase>
        <testcase classname="server/__tests__/config.test.ts" name="Config Module &gt; when SQLITE_DB_PATH is set &gt; should set NODE_ENV correctly" time="0.001307845">
        </testcase>
        <testcase classname="server/__tests__/config.test.ts" name="Config Module &gt; when SQLITE_DB_PATH is set &gt; should set test environment flags correctly" time="0.001139525">
        </testcase>
    </testsuite>
    <testsuite name="server/__tests__/db.test.ts" timestamp="2026-02-18T11:59:47.360Z" hostname="devbox" tests="6" failures="0" errors="0" skipped="6" time="0">
        <testcase classname="server/__tests__/db.test.ts" name="Database Initialization &gt; should initialize with :memory: database in test environment" time="0">
            <skipped/>
        </testcase>
        <testcase classname="server/__tests__/db.test.ts" name="Database Initialization &gt; should create database directory if it doesn&apos;t exist" time="0">
            <skipped/>
        </testcase>
        <testcase classname="server/__tests__/db.test.ts" name="Database Initialization &gt; should use default path when SQLITE_DB_PATH is not set" time="0">
            <skipped/>
        </testcase>
        <testcase classname="server/__tests__/db.test.ts" name="Database Initialization &gt; should handle existing valid database file" time="0">
            <skipped/>
        </testcase>
        <testcase classname="server/__tests__/db.test.ts" name="Database Initialization &gt; should handle when database path is a directory by appending sqlite.db" time="0">
            <skipped/>
        </testcase>
        <testcase classname="server/__tests__/db.test.ts" name="Database Initialization &gt; should apply SQLite pragmas for performance" time="0">
            <skipped/>
        </testcase>
    </testsuite>
    <testsuite name="server/__tests__/downloader_duplicates.test.ts" timestamp="2026-02-18T11:59:47.363Z" hostname="devbox" tests="5" failures="0" errors="0" skipped="0" time="0.058517109">
        <testcase classname="server/__tests__/downloader_duplicates.test.ts" name="Downloader Duplicates Handling &gt; Transmission: should return success: true when torrent is a duplicate" time="0.037856266">
        </testcase>
        <testcase classname="server/__tests__/downloader_duplicates.test.ts" name="Downloader Duplicates Handling &gt; qBittorrent: should return success: true when response is &apos;Fails.&apos;" time="0.015111755">
        </testcase>
        <testcase classname="server/__tests__/downloader_duplicates.test.ts" name="Downloader Duplicates Handling &gt; SABnzbd: should return success: true when error mentions &apos;Duplicate&apos;" time="0.001130748">
        </testcase>
        <testcase classname="server/__tests__/downloader_duplicates.test.ts" name="Downloader Duplicates Handling &gt; SABnzbd: should return success: true when status is true but no IDs (merged/duplicate)" time="0.000517981">
        </testcase>
        <testcase classname="server/__tests__/downloader_duplicates.test.ts" name="Downloader Duplicates Handling &gt; addDownloadWithFallback: should stop falling back when duplicate is encountered (success: true)" time="0.001630305">
        </testcase>
    </testsuite>
    <testsuite name="server/__tests__/downloaders.test.ts" timestamp="2026-02-18T11:59:47.365Z" hostname="devbox" tests="8" failures="0" errors="0" skipped="0" time="0.014912319">
        <testcase classname="server/__tests__/downloaders.test.ts" name="TransmissionClient &gt; testConnection &gt; should return success on valid session-get response" time="0.00372069">
        </testcase>
        <testcase classname="server/__tests__/downloaders.test.ts" name="TransmissionClient &gt; testConnection &gt; should handle authentication failure" time="0.000616358">
        </testcase>
        <testcase classname="server/__tests__/downloaders.test.ts" name="TransmissionClient &gt; addDownload &gt; should add magnet link successfully" time="0.001537267">
        </testcase>
        <testcase classname="server/__tests__/downloaders.test.ts" name="TransmissionClient &gt; addDownload &gt; should handle duplicates" time="0.000541213">
        </testcase>
        <testcase classname="server/__tests__/downloaders.test.ts" name="TransmissionClient &gt; addDownload &gt; should fallback to local download for non-magnet URLs" time="0.001629781">
        </testcase>
        <testcase classname="server/__tests__/downloaders.test.ts" name="TransmissionClient &gt; getDownloadStatus &gt; should map status correctly" time="0.001015751">
        </testcase>
        <testcase classname="server/__tests__/downloaders.test.ts" name="RTorrentClient &gt; testConnection &gt; should return success on valid system.client_version response" time="0.001436935">
        </testcase>
        <testcase classname="server/__tests__/downloaders.test.ts" name="QBittorrentClient &gt; authenticate &gt; should authenticate and set cookie" time="0.001571154">
        </testcase>
    </testsuite>
    <testsuite name="server/__tests__/downloaders_comprehensive.test.ts" timestamp="2026-02-18T11:59:47.368Z" hostname="devbox" tests="10" failures="0" errors="0" skipped="0" time="0.126356521">
        <testcase classname="server/__tests__/downloaders_comprehensive.test.ts" name="Downloader Comprehensive Tests &gt; TransmissionClient &gt; should add download successfully" time="0.048887656">
        </testcase>
        <testcase classname="server/__tests__/downloaders_comprehensive.test.ts" name="Downloader Comprehensive Tests &gt; TransmissionClient &gt; should handle duplicate torrent as success" time="0.005868771">
        </testcase>
        <testcase classname="server/__tests__/downloaders_comprehensive.test.ts" name="Downloader Comprehensive Tests &gt; TransmissionClient &gt; should get download status" time="0.00107607">
        </testcase>
        <testcase classname="server/__tests__/downloaders_comprehensive.test.ts" name="Downloader Comprehensive Tests &gt; RTorrentClient &gt; should add download successfully" time="0.010934621">
        </testcase>
        <testcase classname="server/__tests__/downloaders_comprehensive.test.ts" name="Downloader Comprehensive Tests &gt; QBittorrentClient &gt; should add download successfully" time="0.031483801">
        </testcase>
        <testcase classname="server/__tests__/downloaders_comprehensive.test.ts" name="Downloader Comprehensive Tests &gt; QBittorrentClient &gt; should handle duplicate torrent (Fails.) as success" time="0.017813112">
        </testcase>
        <testcase classname="server/__tests__/downloaders_comprehensive.test.ts" name="Downloader Comprehensive Tests &gt; SABnzbdClient &gt; should add NZB successfully" time="0.00145886">
        </testcase>
        <testcase classname="server/__tests__/downloaders_comprehensive.test.ts" name="Downloader Comprehensive Tests &gt; SABnzbdClient &gt; should handle duplicate NZB as success" time="0.000601531">
        </testcase>
        <testcase classname="server/__tests__/downloaders_comprehensive.test.ts" name="Downloader Comprehensive Tests &gt; NZBGetClient &gt; should add NZB successfully" time="0.005011756">
        </testcase>
        <testcase classname="server/__tests__/downloaders_comprehensive.test.ts" name="Downloader Comprehensive Tests &gt; NZBGetClient &gt; should handle failed NZB fetch" time="0.000337725">
        </testcase>
    </testsuite>
    <testsuite name="server/__tests__/downloaders_ssrf.test.ts" timestamp="2026-02-18T11:59:47.371Z" hostname="devbox" tests="7" failures="0" errors="0" skipped="0" time="0.012380478">
        <testcase classname="server/__tests__/downloaders_ssrf.test.ts" name="Downloader SSRF Protection &gt; TransmissionClient &gt; should block unsafe URL in addDownload (magnet)" time="0.004979687">
        </testcase>
        <testcase classname="server/__tests__/downloaders_ssrf.test.ts" name="Downloader SSRF Protection &gt; TransmissionClient &gt; should block unsafe URL in addDownload (http)" time="0.000558221">
        </testcase>
        <testcase classname="server/__tests__/downloaders_ssrf.test.ts" name="Downloader SSRF Protection &gt; RTorrentClient &gt; should block unsafe URL in addDownload" time="0.0008705">
        </testcase>
        <testcase classname="server/__tests__/downloaders_ssrf.test.ts" name="Downloader SSRF Protection &gt; QBittorrentClient &gt; should block unsafe URL in addDownload" time="0.001558568">
        </testcase>
        <testcase classname="server/__tests__/downloaders_ssrf.test.ts" name="Downloader SSRF Protection &gt; QBittorrentClient &gt; should block unsafe URL in fetchWithMagnetDetection (internal helper)" time="0.000158778">
        </testcase>
        <testcase classname="server/__tests__/downloaders_ssrf.test.ts" name="Downloader SSRF Protection &gt; SABnzbdClient &gt; should block unsafe URL in addDownload" time="0.000928136">
        </testcase>
        <testcase classname="server/__tests__/downloaders_ssrf.test.ts" name="Downloader SSRF Protection &gt; NZBGetClient &gt; should block unsafe URL in addDownload" time="0.000596703">
        </testcase>
    </testsuite>
    <testsuite name="server/__tests__/health.test.ts" timestamp="2026-02-18T11:59:47.374Z" hostname="devbox" tests="5" failures="0" errors="0" skipped="0" time="0.011418519">
        <testcase classname="server/__tests__/health.test.ts" name="Health and Readiness Endpoints &gt; Liveness Probe (/api/health) &gt; should always return a 200 OK status" time="0.003075843">
        </testcase>
        <testcase classname="server/__tests__/health.test.ts" name="Health and Readiness Endpoints &gt; Readiness Probe (/api/ready) &gt; should return ok: true when both db and igdb are healthy" time="0.004455455">
        </testcase>
        <testcase classname="server/__tests__/health.test.ts" name="Health and Readiness Endpoints &gt; Readiness Probe (/api/ready) &gt; should return ok: false when database is down" time="0.000588644">
        </testcase>
        <testcase classname="server/__tests__/health.test.ts" name="Health and Readiness Endpoints &gt; Readiness Probe (/api/ready) &gt; should return ok: false when IGDB API is down" time="0.000376493">
        </testcase>
        <testcase classname="server/__tests__/health.test.ts" name="Health and Readiness Endpoints &gt; Readiness Probe (/api/ready) &gt; should return ok: false when both services are down" time="0.00054121">
        </testcase>
    </testsuite>
    <testsuite name="server/__tests__/igdb.test.ts" timestamp="2026-02-18T11:59:47.376Z" hostname="devbox" tests="9" failures="0" errors="0" skipped="0" time="2.563901667">
        <testcase classname="server/__tests__/igdb.test.ts" name="IGDBClient - Fallback Mechanism &gt; should try multiple search approaches when first approach returns no results" time="1.950296498">
        </testcase>
        <testcase classname="server/__tests__/igdb.test.ts" name="IGDBClient - Fallback Mechanism &gt; should return empty array when all search approaches fail" time="0.049998766">
        </testcase>
        <testcase classname="server/__tests__/igdb.test.ts" name="IGDBClient - Fallback Mechanism &gt; should cap total search attempts at MAX_SEARCH_ATTEMPTS (5)" time="0.045356212">
        </testcase>
        <testcase classname="server/__tests__/igdb.test.ts" name="IGDBClient - Fallback Mechanism &gt; should return null for getGameById when not found" time="0.029135788">
        </testcase>
        <testcase classname="server/__tests__/igdb.test.ts" name="IGDBClient - Fallback Mechanism &gt; Discovery Methods &gt; getPopularGames should return list of games" time="0.141568611">
        </testcase>
        <testcase classname="server/__tests__/igdb.test.ts" name="IGDBClient - Fallback Mechanism &gt; Discovery Methods &gt; getRecentReleases should return list of games" time="0.045359749">
        </testcase>
        <testcase classname="server/__tests__/igdb.test.ts" name="IGDBClient - Fallback Mechanism &gt; Discovery Methods &gt; getUpcomingReleases should return list of games" time="0.069158456">
        </testcase>
        <testcase classname="server/__tests__/igdb.test.ts" name="IGDBClient - Fallback Mechanism &gt; Category Search &gt; getGamesByGenre should return games" time="0.132830142">
        </testcase>
        <testcase classname="server/__tests__/igdb.test.ts" name="IGDBClient - Fallback Mechanism &gt; Category Search &gt; getGamesByPlatform should return games" time="0.095697421">
        </testcase>
    </testsuite>
    <testsuite name="server/__tests__/igdb_error.test.ts" timestamp="2026-02-18T11:59:47.380Z" hostname="devbox" tests="1" failures="0" errors="0" skipped="0" time="0.00680744">
        <testcase classname="server/__tests__/igdb_error.test.ts" name="IGDB Client Error Handling &gt; should return empty array when credentials are missing" time="0.004578231">
        </testcase>
    </testsuite>
    <testsuite name="server/__tests__/indexers-search.test.ts" timestamp="2026-02-18T11:59:47.380Z" hostname="devbox" tests="7" failures="0" errors="0" skipped="0" time="0.043298542">
        <testcase classname="server/__tests__/indexers-search.test.ts" name="GET /api/indexers/search - Aggregated multi-indexer search &gt; should aggregate results from multiple enabled indexers" time="0.023728172">
        </testcase>
        <testcase classname="server/__tests__/indexers-search.test.ts" name="GET /api/indexers/search - Aggregated multi-indexer search &gt; should return items and errors when some indexers fail" time="0.003454237">
        </testcase>
        <testcase classname="server/__tests__/indexers-search.test.ts" name="GET /api/indexers/search - Aggregated multi-indexer search &gt; should return empty items with errors when all indexers fail" time="0.002854319">
        </testcase>
        <testcase classname="server/__tests__/indexers-search.test.ts" name="GET /api/indexers/search - Aggregated multi-indexer search &gt; should throw error when no enabled indexers are available" time="0.002132861">
        </testcase>
        <testcase classname="server/__tests__/indexers-search.test.ts" name="GET /api/indexers/search - Aggregated multi-indexer search &gt; should filter out disabled indexers" time="0.002695334">
        </testcase>
        <testcase classname="server/__tests__/indexers-search.test.ts" name="GET /api/indexers/search - Aggregated multi-indexer search &gt; Comments URL handling &gt; should pass through comments when provided by indexer" time="0.002271714">
        </testcase>
        <testcase classname="server/__tests__/indexers-search.test.ts" name="GET /api/indexers/search - Aggregated multi-indexer search &gt; Comments URL handling &gt; should include indexerUrl in results for fallback URL construction" time="0.003408821">
        </testcase>
    </testsuite>
    <testsuite name="server/__tests__/logger.test.ts" timestamp="2026-02-18T11:59:47.383Z" hostname="devbox" tests="4" failures="0" errors="0" skipped="0" time="0.034243894">
        <testcase classname="server/__tests__/logger.test.ts" name="Logger Module &gt; should export logger and child loggers" time="0.025499124">
        </testcase>
        <testcase classname="server/__tests__/logger.test.ts" name="Logger Module &gt; should create child loggers with module property" time="0.003131402">
        </testcase>
        <testcase classname="server/__tests__/logger.test.ts" name="Logger Module &gt; should respect LOG_LEVEL environment variable" time="0.001731981">
        </testcase>
        <testcase classname="server/__tests__/logger.test.ts" name="Logger Module &gt; should default to debug level when LOG_LEVEL is not set" time="0.001494672">
        </testcase>
    </testsuite>
    <testsuite name="server/__tests__/logging.test.ts" timestamp="2026-02-18T11:59:47.385Z" hostname="devbox" tests="1" failures="0" errors="0" skipped="0" time="0.015008073">
        <testcase classname="server/__tests__/logging.test.ts" name="Search Logging &gt; should log search request and category parsing in TorznabClient" time="0.012330196">
        </testcase>
    </testsuite>
    <testsuite name="server/__tests__/magnet_detection.test.ts" timestamp="2026-02-18T11:59:47.385Z" hostname="devbox" tests="4" failures="0" errors="0" skipped="0" time="1.751313131">
        <testcase classname="server/__tests__/magnet_detection.test.ts" name="Magnet Detection and Redirect Handling in QBittorrentClient &gt; should retry with %20 when a URL with + returns 400 Bad Request" time="0.628849412">
        </testcase>
        <testcase classname="server/__tests__/magnet_detection.test.ts" name="Magnet Detection and Redirect Handling in QBittorrentClient &gt; should detect magnet link redirects and handle them" time="0.536969464">
        </testcase>
        <testcase classname="server/__tests__/magnet_detection.test.ts" name="Magnet Detection and Redirect Handling in QBittorrentClient &gt; should handle relative redirect URLs" time="0.536983045">
        </testcase>
        <testcase classname="server/__tests__/magnet_detection.test.ts" name="Magnet Detection and Redirect Handling in QBittorrentClient &gt; should fail gracefully after max redirects" time="0.045175905">
        </testcase>
    </testsuite>
    <testsuite name="server/__tests__/middleware.test.ts" timestamp="2026-02-18T11:59:47.387Z" hostname="devbox" tests="29" failures="0" errors="0" skipped="0" time="0.059226098">
        <testcase classname="server/__tests__/middleware.test.ts" name="Middleware - Input Sanitization &gt; sanitizeSearchQuery &gt; should allow valid search query" time="0.008801907">
        </testcase>
        <testcase classname="server/__tests__/middleware.test.ts" name="Middleware - Input Sanitization &gt; sanitizeSearchQuery &gt; should reject search query that is too long" time="0.005098113">
        </testcase>
        <testcase classname="server/__tests__/middleware.test.ts" name="Middleware - Input Sanitization &gt; sanitizeSearchQuery &gt; should trim and sanitize search query" time="0.001225326">
        </testcase>
        <testcase classname="server/__tests__/middleware.test.ts" name="Middleware - Input Sanitization &gt; sanitizeGameId &gt; should allow valid UUID" time="0.001182541">
        </testcase>
        <testcase classname="server/__tests__/middleware.test.ts" name="Middleware - Input Sanitization &gt; sanitizeGameId &gt; should reject invalid UUID" time="0.00082678">
        </testcase>
        <testcase classname="server/__tests__/middleware.test.ts" name="Middleware - Input Sanitization &gt; sanitizeIgdbId &gt; should allow valid IGDB ID" time="0.000886168">
        </testcase>
        <testcase classname="server/__tests__/middleware.test.ts" name="Middleware - Input Sanitization &gt; sanitizeIgdbId &gt; should reject negative IGDB ID" time="0.000640673">
        </testcase>
        <testcase classname="server/__tests__/middleware.test.ts" name="Middleware - Input Sanitization &gt; sanitizeIgdbId &gt; should reject non-numeric IGDB ID" time="0.000623288">
        </testcase>
        <testcase classname="server/__tests__/middleware.test.ts" name="Middleware - Input Sanitization &gt; sanitizeGameStatus &gt; should allow valid game status" time="0.001958976">
        </testcase>
        <testcase classname="server/__tests__/middleware.test.ts" name="Middleware - Input Sanitization &gt; sanitizeGameStatus &gt; should reject invalid game status" time="0.000578346">
        </testcase>
        <testcase classname="server/__tests__/middleware.test.ts" name="Middleware - Input Sanitization &gt; sanitizeGameData &gt; should allow valid game data" time="0.007209835">
        </testcase>
        <testcase classname="server/__tests__/middleware.test.ts" name="Middleware - Input Sanitization &gt; sanitizeGameData &gt; should reject game with missing title" time="0.001732828">
        </testcase>
        <testcase classname="server/__tests__/middleware.test.ts" name="Middleware - Input Sanitization &gt; sanitizeGameData &gt; should reject game with invalid rating" time="0.001833371">
        </testcase>
        <testcase classname="server/__tests__/middleware.test.ts" name="Middleware - Input Sanitization &gt; sanitizeGameData &gt; should reject game with invalid URL" time="0.0024621">
        </testcase>
        <testcase classname="server/__tests__/middleware.test.ts" name="Middleware - Input Sanitization &gt; sanitizeGameData &gt; should reject game with invalid date format" time="0.001773055">
        </testcase>
        <testcase classname="server/__tests__/middleware.test.ts" name="Middleware - Input Sanitization &gt; sanitizeIndexerData &gt; should allow valid indexer data" time="0.001415414">
        </testcase>
        <testcase classname="server/__tests__/middleware.test.ts" name="Middleware - Input Sanitization &gt; sanitizeIndexerData &gt; should reject indexer with invalid URL" time="0.001004336">
        </testcase>
        <testcase classname="server/__tests__/middleware.test.ts" name="Middleware - Input Sanitization &gt; sanitizeDownloaderData &gt; should allow valid downloader data" time="0.001767244">
        </testcase>
        <testcase classname="server/__tests__/middleware.test.ts" name="Middleware - Input Sanitization &gt; sanitizeDownloaderData &gt; should reject downloader with invalid type" time="0.001389022">
        </testcase>
        <testcase classname="server/__tests__/middleware.test.ts" name="Middleware - Input Sanitization &gt; sanitizeDownloaderDownloadData &gt; should allow valid download data" time="0.001631883">
        </testcase>
        <testcase classname="server/__tests__/middleware.test.ts" name="Middleware - Input Sanitization &gt; sanitizeDownloaderDownloadData &gt; should reject download with invalid URL" time="0.001710208">
        </testcase>
        <testcase classname="server/__tests__/middleware.test.ts" name="Middleware - Input Sanitization &gt; sanitizeDownloaderDownloadData &gt; should reject download with invalid priority" time="0.001605684">
        </testcase>
        <testcase classname="server/__tests__/middleware.test.ts" name="Middleware - Input Sanitization &gt; sanitizeIndexerSearchQuery &gt; should allow valid search query" time="0.001261489">
        </testcase>
        <testcase classname="server/__tests__/middleware.test.ts" name="Middleware - Input Sanitization &gt; sanitizeIndexerSearchQuery &gt; should reject search query that is too long" time="0.001081944">
        </testcase>
        <testcase classname="server/__tests__/middleware.test.ts" name="Middleware - Input Sanitization &gt; sanitizeIndexerSearchQuery &gt; should reject limit greater than 100" time="0.001915143">
        </testcase>
        <testcase classname="server/__tests__/middleware.test.ts" name="Middleware - Input Sanitization &gt; sanitizeIndexerSearchQuery &gt; should reject limit less than 1" time="0.001004717">
        </testcase>
        <testcase classname="server/__tests__/middleware.test.ts" name="Middleware - Input Sanitization &gt; sanitizeIndexerSearchQuery &gt; should reject negative offset" time="0.001026047">
        </testcase>
        <testcase classname="server/__tests__/middleware.test.ts" name="Middleware - Input Sanitization &gt; sanitizeIndexerSearchQuery &gt; should allow valid limit and offset" time="0.001086332">
        </testcase>
        <testcase classname="server/__tests__/middleware.test.ts" name="Middleware - Input Sanitization &gt; sanitizeIndexerSearchQuery &gt; should convert limit and offset to integers" time="0.001054654">
        </testcase>
    </testsuite>
    <testsuite name="server/__tests__/newznab.test.ts" timestamp="2026-02-18T11:59:47.397Z" hostname="devbox" tests="7" failures="0" errors="0" skipped="0" time="0.030541744">
        <testcase classname="server/__tests__/newznab.test.ts" name="NewznabClient &gt; search &gt; should parse search results correctly" time="0.009491804">
        </testcase>
        <testcase classname="server/__tests__/newznab.test.ts" name="NewznabClient &gt; search &gt; should handle error responses" time="0.010945169">
        </testcase>
        <testcase classname="server/__tests__/newznab.test.ts" name="NewznabClient &gt; searchMultipleIndexers &gt; should aggregate results from multiple indexers" time="0.002871542">
        </testcase>
        <testcase classname="server/__tests__/newznab.test.ts" name="NewznabClient &gt; searchMultipleIndexers &gt; should handle partial failures" time="0.001905107">
        </testcase>
        <testcase classname="server/__tests__/newznab.test.ts" name="NewznabClient &gt; getCategories &gt; should parse capabilities xml" time="0.001546761">
        </testcase>
        <testcase classname="server/__tests__/newznab.test.ts" name="NewznabClient &gt; testConnection &gt; should return success on valid caps response" time="0.000683644">
        </testcase>
        <testcase classname="server/__tests__/newznab.test.ts" name="NewznabClient &gt; testConnection &gt; should return failure on error response" time="0.000503733">
        </testcase>
    </testsuite>
    <testsuite name="server/__tests__/prowlarr.test.ts" timestamp="2026-02-18T11:59:47.399Z" hostname="devbox" tests="3" failures="0" errors="0" skipped="0" time="0.009698065">
        <testcase classname="server/__tests__/prowlarr.test.ts" name="ProwlarrClient &gt; should fetch and map indexers correctly" time="0.004675582">
        </testcase>
        <testcase classname="server/__tests__/prowlarr.test.ts" name="ProwlarrClient &gt; should handle Prowlarr API errors" time="0.002169708">
        </testcase>
        <testcase classname="server/__tests__/prowlarr.test.ts" name="ProwlarrClient &gt; should normalize Prowlarr URL" time="0.000466657">
        </testcase>
    </testsuite>
    <testsuite name="server/__tests__/qbittorrent_features.test.ts" timestamp="2026-02-18T11:59:47.401Z" hostname="devbox" tests="9" failures="0" errors="0" skipped="0" time="0.184137793">
        <testcase classname="server/__tests__/qbittorrent_features.test.ts" name="QBittorrentClient - Advanced Features &gt; should handle adding download from http URL (non-magnet) and resolve hash" time="0.089109937">
        </testcase>
        <testcase classname="server/__tests__/qbittorrent_features.test.ts" name="QBittorrentClient - Advanced Features &gt; should support force-started mode via settings" time="0.047363228">
        </testcase>
        <testcase classname="server/__tests__/qbittorrent_features.test.ts" name="QBittorrentClient - Advanced Features &gt; should support stopped (paused) mode via settings" time="0.006843355">
        </testcase>
        <testcase classname="server/__tests__/qbittorrent_features.test.ts" name="QBittorrentClient - Advanced Features &gt; should return free space using app/free_space when supported" time="0.007104448">
        </testcase>
        <testcase classname="server/__tests__/qbittorrent_features.test.ts" name="QBittorrentClient - Advanced Features &gt; should fall back when app/free_space returns null free_space_on_disk" time="0.004947504">
        </testcase>
        <testcase classname="server/__tests__/qbittorrent_features.test.ts" name="QBittorrentClient - Advanced Features &gt; should fall back when preferences fails but sync/maindata succeeds" time="0.00417565">
        </testcase>
        <testcase classname="server/__tests__/qbittorrent_features.test.ts" name="QBittorrentClient - Advanced Features &gt; should fall back to transfer/info when app/free_space and sync/maindata fail" time="0.00569804">
        </testcase>
        <testcase classname="server/__tests__/qbittorrent_features.test.ts" name="QBittorrentClient - Advanced Features &gt; should return 0 when all free space endpoints fail" time="0.011908351">
        </testcase>
        <testcase classname="server/__tests__/qbittorrent_features.test.ts" name="QBittorrentClient - Advanced Features &gt; should fall back when sync/maindata is ok but free space is missing/invalid" time="0.004444061">
        </testcase>
    </testsuite>
    <testsuite name="server/__tests__/routes.test.ts" timestamp="2026-02-18T11:59:47.404Z" hostname="devbox" tests="2" failures="0" errors="0" skipped="0" time="0.106259724">
        <testcase classname="server/__tests__/routes.test.ts" name="/api/downloads endpoint &gt; should return errors when a downloader fails" time="0.098169841">
        </testcase>
        <testcase classname="server/__tests__/routes.test.ts" name="/api/downloads endpoint &gt; should return empty errors array when all downloaders succeed" time="0.005087891">
        </testcase>
    </testsuite>
    <testsuite name="server/__tests__/rss-routes.test.ts" timestamp="2026-02-18T11:59:47.405Z" hostname="devbox" tests="9" failures="0" errors="0" skipped="0" time="0.251500466">
        <testcase classname="server/__tests__/rss-routes.test.ts" name="RSS Routes &gt; GET /api/rss/feeds &gt; should return all rss feeds" time="0.074393841">
        </testcase>
        <testcase classname="server/__tests__/rss-routes.test.ts" name="RSS Routes &gt; GET /api/rss/feeds &gt; should handle errors" time="0.042246247">
        </testcase>
        <testcase classname="server/__tests__/rss-routes.test.ts" name="RSS Routes &gt; POST /api/rss/feeds &gt; should create a new feed and trigger refresh" time="0.050226391">
        </testcase>
        <testcase classname="server/__tests__/rss-routes.test.ts" name="RSS Routes &gt; POST /api/rss/feeds &gt; should validate input" time="0.014067862">
        </testcase>
        <testcase classname="server/__tests__/rss-routes.test.ts" name="RSS Routes &gt; PUT /api/rss/feeds/:id &gt; should update a feed" time="0.013618535">
        </testcase>
        <testcase classname="server/__tests__/rss-routes.test.ts" name="RSS Routes &gt; PUT /api/rss/feeds/:id &gt; should return 404 if feed not found" time="0.015911619">
        </testcase>
        <testcase classname="server/__tests__/rss-routes.test.ts" name="RSS Routes &gt; DELETE /api/rss/feeds/:id &gt; should delete a feed" time="0.013341602">
        </testcase>
        <testcase classname="server/__tests__/rss-routes.test.ts" name="RSS Routes &gt; DELETE /api/rss/feeds/:id &gt; should return 404 if feed not found" time="0.012474507">
        </testcase>
        <testcase classname="server/__tests__/rss-routes.test.ts" name="RSS Routes &gt; POST /api/rss/refresh &gt; should trigger refresh of all feeds" time="0.012217932">
        </testcase>
    </testsuite>
    <testsuite name="server/__tests__/rss-ssrf.test.ts" timestamp="2026-02-18T11:59:47.408Z" hostname="devbox" tests="2" failures="0" errors="0" skipped="0" time="0.128074535">
        <testcase classname="server/__tests__/rss-ssrf.test.ts" name="RSS Routes SSRF &gt; should prevent SSRF by blocking metadata service" time="0.071529015">
        </testcase>
        <testcase classname="server/__tests__/rss-ssrf.test.ts" name="RSS Routes SSRF &gt; should allow safe public URLs" time="0.053854749">
        </testcase>
    </testsuite>
    <testsuite name="server/__tests__/rss.test.ts" timestamp="2026-02-18T11:59:47.409Z" hostname="devbox" tests="5" failures="0" errors="0" skipped="0" time="0.06297705">
        <testcase classname="server/__tests__/rss.test.ts" name="RssService &gt; should refresh feeds and store new items" time="0.024881412">
        </testcase>
        <testcase classname="server/__tests__/rss.test.ts" name="RssService &gt; should handle parsing errors gracefully" time="0.001998347">
        </testcase>
        <testcase classname="server/__tests__/rss.test.ts" name="RssService &gt; should handle SSRF/unsafe URL errors gracefully" time="0.012722232">
        </testcase>
        <testcase classname="server/__tests__/rss.test.ts" name="RssService &gt; should respect custom mappings" time="0.002623648">
        </testcase>
        <testcase classname="server/__tests__/rss.test.ts" name="RssService &gt; should use cache for IGDB lookups" time="0.018177185">
        </testcase>
    </testsuite>
    <testsuite name="server/__tests__/search.test.ts" timestamp="2026-02-18T11:59:47.411Z" hostname="devbox" tests="10" failures="0" errors="0" skipped="0" time="0.04958345">
        <testcase classname="server/__tests__/search.test.ts" name="Search Module - searchAllIndexers &gt; should return empty results when no indexers are configured" time="0.008029179">
        </testcase>
        <testcase classname="server/__tests__/search.test.ts" name="Search Module - searchAllIndexers &gt; should search torznab indexers and return formatted results" time="0.015283066">
        </testcase>
        <testcase classname="server/__tests__/search.test.ts" name="Search Module - searchAllIndexers &gt; should search newznab indexers and return formatted results" time="0.000923973">
        </testcase>
        <testcase classname="server/__tests__/search.test.ts" name="Search Module - searchAllIndexers &gt; should combine results from both torznab and newznab indexers" time="0.007035214">
        </testcase>
        <testcase classname="server/__tests__/search.test.ts" name="Search Module - searchAllIndexers &gt; should sort results by date (newest first)" time="0.000571332">
        </testcase>
        <testcase classname="server/__tests__/search.test.ts" name="Search Module - searchAllIndexers &gt; should aggregate errors from indexers" time="0.000919035">
        </testcase>
        <testcase classname="server/__tests__/search.test.ts" name="Search Module - searchAllIndexers &gt; should construct comments URL when not provided by indexer" time="0.000575748">
        </testcase>
        <testcase classname="server/__tests__/search.test.ts" name="Search Module - searchAllIndexers &gt; should handle limit and offset parameters" time="0.007902421">
        </testcase>
        <testcase classname="server/__tests__/search.test.ts" name="Search Module - searchAllIndexers &gt; should use default limit of 50 when not specified" time="0.004702324">
        </testcase>
        <testcase classname="server/__tests__/search.test.ts" name="Search Module - searchAllIndexers &gt; should extract release group from title for torznab items" time="0.00051003">
        </testcase>
    </testsuite>
    <testsuite name="server/__tests__/search_utils.test.ts" timestamp="2026-02-18T11:59:47.415Z" hostname="devbox" tests="6" failures="0" errors="0" skipped="0" time="0.006643041">
        <testcase classname="server/__tests__/search_utils.test.ts" name="parseCategories &gt; should return undefined for null/undefined input" time="0.001851497">
        </testcase>
        <testcase classname="server/__tests__/search_utils.test.ts" name="parseCategories &gt; should parse single string" time="0.001357463">
        </testcase>
        <testcase classname="server/__tests__/search_utils.test.ts" name="parseCategories &gt; should parse comma-separated string" time="0.000281468">
        </testcase>
        <testcase classname="server/__tests__/search_utils.test.ts" name="parseCategories &gt; should parse array of strings" time="0.000210254">
        </testcase>
        <testcase classname="server/__tests__/search_utils.test.ts" name="parseCategories &gt; should handle mixed array inputs (if express parser produces them)" time="0.000196699">
        </testcase>
        <testcase classname="server/__tests__/search_utils.test.ts" name="parseCategories &gt; should filter empty strings" time="0.000227778">
        </testcase>
    </testsuite>
    <testsuite name="server/__tests__/security.test.ts" timestamp="2026-02-18T11:59:47.417Z" hostname="devbox" tests="4" failures="0" errors="0" skipped="0" time="0.061104298">
        <testcase classname="server/__tests__/security.test.ts" name="Security Headers &gt; should set permissive CSP in development (non-production)" time="0.041364737">
        </testcase>
        <testcase classname="server/__tests__/security.test.ts" name="Security Headers &gt; should set strict CSP in production" time="0.006856033">
        </testcase>
        <testcase classname="server/__tests__/security.test.ts" name="Security Headers &gt; should set X-Frame-Options header" time="0.005193026">
        </testcase>
        <testcase classname="server/__tests__/security.test.ts" name="Security Headers &gt; should set X-Content-Type-Options header" time="0.005413638">
        </testcase>
    </testsuite>
    <testsuite name="server/__tests__/ssrf.test.ts" timestamp="2026-02-18T11:59:47.419Z" hostname="devbox" tests="11" failures="0" errors="0" skipped="0" time="0.054907212">
        <testcase classname="server/__tests__/ssrf.test.ts" name="isSafeUrl Security Check &gt; should allow private IPs by default (self-hosted use case)" time="0.01035691">
        </testcase>
        <testcase classname="server/__tests__/ssrf.test.ts" name="isSafeUrl Security Check &gt; should block private IPs when allowPrivate is false" time="0.000524716">
        </testcase>
        <testcase classname="server/__tests__/ssrf.test.ts" name="isSafeUrl Security Check &gt; should block IPv4 metadata service" time="0.000232277">
        </testcase>
        <testcase classname="server/__tests__/ssrf.test.ts" name="isSafeUrl Security Check &gt; should block IPv6 metadata service" time="0.000225319">
        </testcase>
        <testcase classname="server/__tests__/ssrf.test.ts" name="isSafeUrl Security Check &gt; should block IPv4-mapped IPv6 metadata service" time="0.000446773">
        </testcase>
        <testcase classname="server/__tests__/ssrf.test.ts" name="isSafeUrl Security Check &gt; should handle DNS lookup failure gracefully" time="0.000341614">
        </testcase>
        <testcase classname="server/__tests__/ssrf.test.ts" name="safeFetch &gt; should use original hostname for HTTPS (SSL certificate compatibility)" time="0.033974819">
        </testcase>
        <testcase classname="server/__tests__/ssrf.test.ts" name="safeFetch &gt; should rewrite HTTP URLs to use resolved IP for DNS rebinding protection" time="0.002350186">
        </testcase>
        <testcase classname="server/__tests__/ssrf.test.ts" name="safeFetch &gt; should reject URLs that resolve to metadata service IPs" time="0.00265163">
        </testcase>
        <testcase classname="server/__tests__/ssrf.test.ts" name="safeFetch &gt; should reject URLs that fail DNS resolution" time="0.000629726">
        </testcase>
        <testcase classname="server/__tests__/ssrf.test.ts" name="safeFetch &gt; should allow private IPs by default for HTTPS" time="0.000577526">
        </testcase>
    </testsuite>
    <testsuite name="server/__tests__/ssrf_routes.test.ts" timestamp="2026-02-18T11:59:47.423Z" hostname="devbox" tests="2" failures="0" errors="0" skipped="0" time="0.093311713">
        <testcase classname="server/__tests__/ssrf_routes.test.ts" name="SSRF Vulnerability in Routes &gt; should allow unsafe URL in /api/indexers/prowlarr/sync (VULNERABILITY)" time="0.069129492">
        </testcase>
        <testcase classname="server/__tests__/ssrf_routes.test.ts" name="SSRF Vulnerability in Routes &gt; should block unsafe URL in /api/indexers/test" time="0.021708793">
        </testcase>
    </testsuite>
    <testsuite name="server/__tests__/storage.test.ts" timestamp="2026-02-18T11:59:47.424Z" hostname="devbox" tests="11" failures="0" errors="0" skipped="0" time="0.012238148">
        <testcase classname="server/__tests__/storage.test.ts" name="MemStorage &gt; User Management &gt; should create and retrieve a user" time="0.003871492">
        </testcase>
        <testcase classname="server/__tests__/storage.test.ts" name="MemStorage &gt; User Management &gt; should return undefined for non-existent user" time="0.000328719">
        </testcase>
        <testcase classname="server/__tests__/storage.test.ts" name="MemStorage &gt; Game Management &gt; should add and retrieve games" time="0.000607832">
        </testcase>
        <testcase classname="server/__tests__/storage.test.ts" name="MemStorage &gt; Game Management &gt; should preserve status when explicitly set to &quot;owned&quot;" time="0.000275732">
        </testcase>
        <testcase classname="server/__tests__/storage.test.ts" name="MemStorage &gt; Game Management &gt; should update game status" time="0.000406127">
        </testcase>
        <testcase classname="server/__tests__/storage.test.ts" name="MemStorage &gt; Game Management &gt; should remove a game" time="0.000340591">
        </testcase>
        <testcase classname="server/__tests__/storage.test.ts" name="MemStorage &gt; Game Management &gt; should return null/false when updating/removing non-existent game" time="0.000265256">
        </testcase>
        <testcase classname="server/__tests__/storage.test.ts" name="MemStorage &gt; Indexer Management &gt; should create, retreive and sync indexers" time="0.001861444">
        </testcase>
        <testcase classname="server/__tests__/storage.test.ts" name="MemStorage &gt; Downloader Management &gt; should CRUD downloaders" time="0.000903911">
        </testcase>
        <testcase classname="server/__tests__/storage.test.ts" name="MemStorage &gt; System Config &gt; should set and get system config" time="0.000269002">
        </testcase>
        <testcase classname="server/__tests__/storage.test.ts" name="MemStorage &gt; System Config &gt; should return undefined for missing config" time="0.000249335">
        </testcase>
    </testsuite>
    <testsuite name="server/__tests__/syncIndexers.test.ts" timestamp="2026-02-18T11:59:47.428Z" hostname="devbox" tests="3" failures="0" errors="0" skipped="0" time="0.00853051">
        <testcase classname="server/__tests__/syncIndexers.test.ts" name="DatabaseStorage - syncIndexers &gt; should add new indexers" time="0.004524038">
        </testcase>
        <testcase classname="server/__tests__/syncIndexers.test.ts" name="DatabaseStorage - syncIndexers &gt; should update existing indexers" time="0.001095598">
        </testcase>
        <testcase classname="server/__tests__/syncIndexers.test.ts" name="DatabaseStorage - syncIndexers &gt; should fail validation for missing fields" time="0.000755099">
        </testcase>
    </testsuite>
    <testsuite name="server/__tests__/transmission_features.test.ts" timestamp="2026-02-18T11:59:47.429Z" hostname="devbox" tests="3" failures="0" errors="0" skipped="0" time="0.04702672">
        <testcase classname="server/__tests__/transmission_features.test.ts" name="TransmissionClient - Advanced Features &gt; should handle session ID conflict (409) and retry" time="0.0408816">
        </testcase>
        <testcase classname="server/__tests__/transmission_features.test.ts" name="TransmissionClient - Advanced Features &gt; should handle authentication failure (401)" time="0.001580193">
        </testcase>
        <testcase classname="server/__tests__/transmission_features.test.ts" name="TransmissionClient - Advanced Features &gt; should download file server-side and upload metainfo" time="0.002075367">
        </testcase>
    </testsuite>
    <testsuite name="server/__tests__/usenet_integration.test.ts" timestamp="2026-02-18T11:59:47.430Z" hostname="devbox" tests="4" failures="0" errors="0" skipped="0" time="0.128083394">
        <testcase classname="server/__tests__/usenet_integration.test.ts" name="Usenet Integration &gt; Aggregated Search &gt; should call both Torznab and Newznab clients and merge results" time="0.008349121">
        </testcase>
        <testcase classname="server/__tests__/usenet_integration.test.ts" name="Usenet Integration &gt; DownloaderManager Fallback Filtering &gt; should only attempt Usenet downloaders for usenet type" time="0.109539157">
        </testcase>
        <testcase classname="server/__tests__/usenet_integration.test.ts" name="Usenet Integration &gt; DownloaderManager Fallback Filtering &gt; should only attempt downloaders for download type" time="0.001481685">
        </testcase>
        <testcase classname="server/__tests__/usenet_integration.test.ts" name="Usenet Integration &gt; Search Item Mapping &gt; should correctly identify Usenet items in search results" time="0.005369726">
        </testcase>
    </testsuite>
    <testsuite name="server/__tests__/xrel.test.ts" timestamp="2026-02-18T11:59:47.432Z" hostname="devbox" tests="11" failures="0" errors="0" skipped="0" time="0.025686586">
        <testcase classname="server/__tests__/xrel.test.ts" name="xREL Client &gt; searchReleases &gt; should fetch and parse scene releases correctly" time="0.011093962">
        </testcase>
        <testcase classname="server/__tests__/xrel.test.ts" name="xREL Client &gt; searchReleases &gt; should fetch and parse p2p releases correctly when requested" time="0.002296028">
        </testcase>
        <testcase classname="server/__tests__/xrel.test.ts" name="xREL Client &gt; searchReleases &gt; should handle API errors gracefully" time="0.002483804">
        </testcase>
        <testcase classname="server/__tests__/xrel.test.ts" name="xREL Client &gt; searchReleases &gt; should handle rate limiting errors" time="0.000726573">
        </testcase>
        <testcase classname="server/__tests__/xrel.test.ts" name="xREL Client &gt; searchReleases &gt; should respect rate limit intervals" time="0.00202963">
        </testcase>
        <testcase classname="server/__tests__/xrel.test.ts" name="xREL Client &gt; getLatestReleases &gt; should return latest game releases" time="0.001298067">
        </testcase>
        <testcase classname="server/__tests__/xrel.test.ts" name="xREL Client &gt; titleMatches &gt; should match identical titles" time="0.000695354">
        </testcase>
        <testcase classname="server/__tests__/xrel.test.ts" name="xREL Client &gt; titleMatches &gt; should match case-insensitive" time="0.000433001">
        </testcase>
        <testcase classname="server/__tests__/xrel.test.ts" name="xREL Client &gt; titleMatches &gt; should match loose inclusion" time="0.000730478">
        </testcase>
        <testcase classname="server/__tests__/xrel.test.ts" name="xREL Client &gt; titleMatches &gt; should not match unrelated titles" time="0.000567014">
        </testcase>
        <testcase classname="server/__tests__/xrel.test.ts" name="xREL Client &gt; titleMatches &gt; should normalize whitespace" time="0.000591732">
        </testcase>
    </testsuite>
    <testsuite name="client/src/__tests__/SetupPage.test.tsx" timestamp="2026-02-18T11:59:47.436Z" hostname="devbox" tests="2" failures="0" errors="0" skipped="0" time="1.02430892">
        <testcase classname="client/src/__tests__/SetupPage.test.tsx" name="SetupPage &gt; submits form successfully without IGDB fields when IGDB is already configured" time="0.547615815">
        </testcase>
        <testcase classname="client/src/__tests__/SetupPage.test.tsx" name="SetupPage &gt; requires IGDB fields when IGDB is NOT configured" time="0.473855242">
            <system-err>
Warning: An update to SetupPage inside a test was not wrapped in act(...).

When testing, code that causes React state updates should be wrapped into act(...):

act(() =&gt; {
  /* fire events that update state */
});
/* assert on the output */

This ensures that you&apos;re testing the behavior the user would see in the browser. Learn more at https://reactjs.org/link/wrap-tests-with-act
    at SetupPage (/app/client/src/pages/auth/setup.tsx:35:90)
    at QueryClientProvider (file:///app/node_modules/@tanstack/react-query/build/modern/QueryClientProvider.js:20:3)

            </system-err>
        </testcase>
    </testsuite>
</testsuites>
